#
# A fatal error has been detected by the Java Runtime Environment:
#
#  SIGSEGV (0xb) at pc=0x00007f50d919471c, pid=1359416, tid=0x00007f50da18f700
#
# JRE version: Java(TM) SE Runtime Environment (8.0_291-b10) (build 1.8.0_291-b10)
# Java VM: Java HotSpot(TM) 64-Bit Server VM (25.291-b10 mixed mode linux-amd64 compressed oops)
# Problematic frame:
# C  [libzip.so+0xd71c]  inflateEnd+0xc
#
# Core dump written. Default location: /home/CIN/lmps2/semantic-conflict-study/SMAT/output-test-dest/okhttp/1151c9853ccc3c9c3211c613b9b845b925f8c6a6/randoop_9/core or core.1359416
#
# If you would like to submit a bug report, please visit:
#   http://bugreport.java.com/bugreport/crash.jsp
# The crash happened outside the Java Virtual Machine in native code.
# See problematic frame for where to report the bug.
#

---------------  T H R E A D  ---------------

Current thread (0x00007f50d400d000):  JavaThread "main" [_thread_in_native, id=1359417, stack(0x00007f50da090000,0x00007f50da190000)]

siginfo: si_signo: 11 (SIGSEGV), si_code: 1 (SEGV_MAPERR), si_addr: 0x00007f6e545d6520

Registers:
RAX=0x00007f50d918a7b0, RBX=0x00007f6e545d64f0, RCX=0x00000000000003e8, RDX=0x00007f6e545d64f0
RSP=0x00007f50da18d6c0, RBP=0x00007f50da18d6d0, RSI=0x00007f50da18d768, RDI=0x00007f6e545d64f0
R8 =0x00007f50c292caa0, R9 =0x0000000000000009, R10=0x00007f50c50186bb, R11=0x00007f50daca6c80
R12=0x00007f50d400d200, R13=0x00007f50c292d0e0, R14=0x00007f50da18d780, R15=0x00007f50d400d000
RIP=0x00007f50d919471c, EFLAGS=0x0000000000010206, CSGSFS=0x002b000000000033, ERR=0x0000000000000004
  TRAPNO=0x000000000000000e

Top of Stack: (sp=0x00007f50da18d6c0)
0x00007f50da18d6c0:   00007f6e545d64f0 00007f50d400d200
0x00007f50da18d6d0:   00007f50da18d6f0 00007f50d918a7c5
0x00007f50da18d6e0:   00007f50c292d0e0 0000000000000000
0x00007f50da18d6f0:   00007f50da18d758 00007f50c50186e7
0x00007f50da18d700:   00007f50d400d1e0 00007f50da18d770
0x00007f50da18d710:   00007f50d400d000 00007f50da18d718
0x00007f50da18d720:   0000000000000000 00007f50da18d780
0x00007f50da18d730:   00007f50c292d1f8 0000000000000000
0x00007f50da18d740:   00007f50c292d0e0 0000000000000000
0x00007f50da18d750:   00007f50da18d778 00007f50da18d7d8
0x00007f50da18d760:   00007f50c50082bd 00000005ca613b38
0x00007f50da18d770:   00007f50c5011d18 00007f6e545d64f0
0x00007f50da18d780:   000000071e9618b0 000000071e9618b0
0x00007f50da18d790:   000000071e9618b0 00007f50da18d788
0x00007f50da18d7a0:   00007f50c292ca6d 00007f50da18d808
0x00007f50da18d7b0:   00007f50c292d1f8 00007f50c2cfb7a8
0x00007f50da18d7c0:   00007f50c292caa0 00007f50da18d778
0x00007f50da18d7d0:   00007f50da18d808 00007f50da18d850
0x00007f50da18d7e0:   00007f50c50082bd 0000000000000000
0x00007f50da18d7f0:   00007f6e545d64f0 0000000000000000
0x00007f50da18d800:   000000071e9618b0 000000071e961270
0x00007f50da18d810:   00007f50da18d810 00007f50c2eab31c
0x00007f50da18d820:   00007f50da18d868 00007f50b87c8a48
0x00007f50da18d830:   0000000000000000 00007f50c2eab360
0x00007f50da18d840:   00007f50da18d808 00007f50da18d860
0x00007f50da18d850:   00007f50da18d8b0 00007f50c50082bd
0x00007f50da18d860:   000000071e9694d0 000000071e964738
0x00007f50da18d870:   00007f50da18d870 00007f50c2e9b33d
0x00007f50da18d880:   00007f50da18d8c8 00007f50c2e9c1f0
0x00007f50da18d890:   0000000000000000 00007f50c2e9b368
0x00007f50da18d8a0:   00007f50da18d860 00007f50da18d8c0
0x00007f50da18d8b0:   00007f50da18d930 00007f50c50007a7 

Instructions: (pc=0x00007f50d919471c)
0x00007f50d91946fc:   e9 5c e8 ff ff 0f 1f 44 00 00 66 2e 0f 1f 84 00
0x00007f50d919470c:   00 00 00 00 55 48 85 ff 48 89 e5 41 54 53 74 54
0x00007f50d919471c:   48 83 7f 30 00 74 4d 48 8b 4f 38 48 85 c9 74 44
0x00007f50d919472c:   48 89 fb e8 fc dd ff ff 85 c0 41 89 c4 75 35 48 

Register to memory mapping:

RAX=0x00007f50d918a7b0: Java_java_util_zip_Inflater_end+0 in /usr/lib/jvm/jdk1.8.0_291/jre/lib/amd64/libzip.so at 0x00007f50d9187000
RBX=0x00007f6e545d64f0 is an unknown value
RCX=0x00000000000003e8 is an unknown value
RDX=0x00007f6e545d64f0 is an unknown value
RSP=0x00007f50da18d6c0 is pointing into the stack for thread: 0x00007f50d400d000
RBP=0x00007f50da18d6d0 is pointing into the stack for thread: 0x00007f50d400d000
RSI=0x00007f50da18d768 is pointing into the stack for thread: 0x00007f50d400d000
RDI=0x00007f6e545d64f0 is an unknown value
R8 ={method} {0x00007f50c292caa0} 'end' '()V' in 'java/util/zip/Inflater'
R9 =0x0000000000000009 is an unknown value
R10=0x00007f50c50186bb is at code_begin+859 in an Interpreter codelet
method entry point (kind = native)  [0x00007f50c5018360, 0x00007f50c5018d00]  2464 bytes
R11=0x00007f50daca6c80: <offset 0x9c7c80> in /usr/lib/jvm/jdk1.8.0_291/jre/lib/amd64/server/libjvm.so at 0x00007f50da2df000
R12=0x00007f50d400d200 is an unknown value
R13={method} {0x00007f50c292d0e0} 'end' '(J)V' in 'java/util/zip/Inflater'
R14=0x00007f50da18d780 is pointing into the stack for thread: 0x00007f50d400d000
R15=0x00007f50d400d000 is a thread


Stack: [0x00007f50da090000,0x00007f50da190000],  sp=0x00007f50da18d6c0,  free space=1013k
Native frames: (J=compiled Java code, j=interpreted, Vv=VM code, C=native code)
C  [libzip.so+0xd71c]  inflateEnd+0xc
C  [libzip.so+0x37c5]  Java_java_util_zip_Inflater_end+0x15
j  java.util.zip.Inflater.end(J)V+0
j  java.util.zip.Inflater.end()V+29
j  com.squareup.okhttp.internal.bytes.InflaterSource.close(Lcom/squareup/okhttp/internal/bytes/Deadline;)V+12
j  com.squareup.okhttp.internal.bytes.GzipSource.close(Lcom/squareup/okhttp/internal/bytes/Deadline;)V+5
v  ~StubRoutines::call_stub
V  [libjvm.so+0x68b16a]  JavaCalls::call_helper(JavaValue*, methodHandle*, JavaCallArguments*, Thread*)+0xe1a
V  [libjvm.so+0x9a1b98]  Reflection::invoke(instanceKlassHandle, methodHandle, Handle, bool, objArrayHandle, BasicType, objArrayHandle, bool, Thread*)+0xae8
V  [libjvm.so+0x9a3566]  Reflection::invoke_method(oopDesc*, Handle, objArrayHandle, Thread*)+0x126
V  [libjvm.so+0x702545]  JVM_InvokeMethod+0x115
J 4969  sun.reflect.NativeMethodAccessorImpl.invoke0(Ljava/lang/reflect/Method;Ljava/lang/Object;[Ljava/lang/Object;)Ljava/lang/Object; (0 bytes) @ 0x00007f50c603dded [0x00007f50c603dd00+0xed]
J 4968 C1 sun.reflect.NativeMethodAccessorImpl.invoke(Ljava/lang/Object;[Ljava/lang/Object;)Ljava/lang/Object; (104 bytes) @ 0x00007f50c603e57c [0x00007f50c603e1a0+0x3dc]
J 3736 C1 sun.reflect.DelegatingMethodAccessorImpl.invoke(Ljava/lang/Object;[Ljava/lang/Object;)Ljava/lang/Object; (10 bytes) @ 0x00007f50c5c8ddcc [0x00007f50c5c8dcc0+0x10c]
J 3315 C1 java.lang.reflect.Method.invoke(Ljava/lang/Object;[Ljava/lang/Object;)Ljava/lang/Object; (62 bytes) @ 0x00007f50c5afe71c [0x00007f50c5afe320+0x3fc]
J 4441 C1 randoop.util.MethodReflectionCode.runReflectionCodeRaw()V (314 bytes) @ 0x00007f50c5e8dc3c [0x00007f50c5e8daa0+0x19c]
J 4889 C2 randoop.util.ReflectionExecutor.executeReflectionCode(Lrandoop/util/ReflectionCode;)Lrandoop/ExecutionOutcome; (154 bytes) @ 0x00007f50c6016028 [0x00007f50c6015e60+0x1c8]
J 4440 C1 randoop.operation.MethodCall.execute([Ljava/lang/Object;)Lrandoop/ExecutionOutcome; (129 bytes) @ 0x00007f50c5e86dac [0x00007f50c5e86740+0x66c]
J 3981 C1 randoop.operation.TypedOperation.execute([Ljava/lang/Object;)Lrandoop/ExecutionOutcome; (70 bytes) @ 0x00007f50c5d173b4 [0x00007f50c5d17340+0x74]
J 3980 C1 randoop.sequence.ExecutableSequence.executeStatement(Lrandoop/sequence/Sequence;Ljava/util/List;I[Ljava/lang/Object;)V (208 bytes) @ 0x00007f50c5d134fc [0x00007f50c5d12da0+0x75c]
j  randoop.sequence.ExecutableSequence.execute(Lrandoop/ExecutionVisitor;Lrandoop/test/TestCheckGenerator;Z)V+177
j  randoop.sequence.ExecutableSequence.execute(Lrandoop/ExecutionVisitor;Lrandoop/test/TestCheckGenerator;)V+4
j  randoop.generation.ForwardGenerator.step()Lrandoop/sequence/ExecutableSequence;+224
j  randoop.generation.AbstractGenerator.createAndClassifySequences()V+102
j  randoop.main.GenTests.handle([Ljava/lang/String;)Z+1993
j  randoop.main.Main.nonStaticMain([Ljava/lang/String;)V+179
j  randoop.main.Main.main([Ljava/lang/String;)V+10
v  ~StubRoutines::call_stub
V  [libjvm.so+0x68b16a]  JavaCalls::call_helper(JavaValue*, methodHandle*, JavaCallArguments*, Thread*)+0xe1a
V  [libjvm.so+0x6d7660]  jni_invoke_static(JNIEnv_*, JavaValue*, _jobject*, JNICallType, _jmethodID*, JNI_ArgumentPusher*, Thread*) [clone .isra.98] [clone .constprop.118]+0x1f0
V  [libjvm.so+0x6d995b]  jni_CallStaticVoidMethod+0x15b
C  [libjli.so+0x889c]  JavaMain+0xa3c
C  [libpthread.so.0+0x9609]  start_thread+0xd9

Java frames: (J=compiled Java code, j=interpreted, Vv=VM code)
j  java.util.zip.Inflater.end(J)V+0
j  java.util.zip.Inflater.end()V+29
j  com.squareup.okhttp.internal.bytes.InflaterSource.close(Lcom/squareup/okhttp/internal/bytes/Deadline;)V+12
j  com.squareup.okhttp.internal.bytes.GzipSource.close(Lcom/squareup/okhttp/internal/bytes/Deadline;)V+5
v  ~StubRoutines::call_stub
J 4969  sun.reflect.NativeMethodAccessorImpl.invoke0(Ljava/lang/reflect/Method;Ljava/lang/Object;[Ljava/lang/Object;)Ljava/lang/Object; (0 bytes) @ 0x00007f50c603dd77 [0x00007f50c603dd00+0x77]
J 4968 C1 sun.reflect.NativeMethodAccessorImpl.invoke(Ljava/lang/Object;[Ljava/lang/Object;)Ljava/lang/Object; (104 bytes) @ 0x00007f50c603e57c [0x00007f50c603e1a0+0x3dc]
J 3736 C1 sun.reflect.DelegatingMethodAccessorImpl.invoke(Ljava/lang/Object;[Ljava/lang/Object;)Ljava/lang/Object; (10 bytes) @ 0x00007f50c5c8ddcc [0x00007f50c5c8dcc0+0x10c]
J 3315 C1 java.lang.reflect.Method.invoke(Ljava/lang/Object;[Ljava/lang/Object;)Ljava/lang/Object; (62 bytes) @ 0x00007f50c5afe71c [0x00007f50c5afe320+0x3fc]
J 4441 C1 randoop.util.MethodReflectionCode.runReflectionCodeRaw()V (314 bytes) @ 0x00007f50c5e8dc3c [0x00007f50c5e8daa0+0x19c]
J 4889 C2 randoop.util.ReflectionExecutor.executeReflectionCode(Lrandoop/util/ReflectionCode;)Lrandoop/ExecutionOutcome; (154 bytes) @ 0x00007f50c6016028 [0x00007f50c6015e60+0x1c8]
J 4440 C1 randoop.operation.MethodCall.execute([Ljava/lang/Object;)Lrandoop/ExecutionOutcome; (129 bytes) @ 0x00007f50c5e86dac [0x00007f50c5e86740+0x66c]
J 3981 C1 randoop.operation.TypedOperation.execute([Ljava/lang/Object;)Lrandoop/ExecutionOutcome; (70 bytes) @ 0x00007f50c5d173b4 [0x00007f50c5d17340+0x74]
J 3980 C1 randoop.sequence.ExecutableSequence.executeStatement(Lrandoop/sequence/Sequence;Ljava/util/List;I[Ljava/lang/Object;)V (208 bytes) @ 0x00007f50c5d134fc [0x00007f50c5d12da0+0x75c]
j  randoop.sequence.ExecutableSequence.execute(Lrandoop/ExecutionVisitor;Lrandoop/test/TestCheckGenerator;Z)V+177
j  randoop.sequence.ExecutableSequence.execute(Lrandoop/ExecutionVisitor;Lrandoop/test/TestCheckGenerator;)V+4
j  randoop.generation.ForwardGenerator.step()Lrandoop/sequence/ExecutableSequence;+224
j  randoop.generation.AbstractGenerator.createAndClassifySequences()V+102
j  randoop.main.GenTests.handle([Ljava/lang/String;)Z+1993
j  randoop.main.Main.nonStaticMain([Ljava/lang/String;)V+179
j  randoop.main.Main.main([Ljava/lang/String;)V+10
v  ~StubRoutines::call_stub

---------------  P R O C E S S  ---------------

Java Threads: ( => current thread )
  0x00007f50d4667000 JavaThread "randoop.util.ProgressDisplay" daemon [_thread_blocked, id=1359431, stack(0x00007f50c0069000,0x00007f50c016a000)]
  0x00007f50d416e800 JavaThread "Service Thread" daemon [_thread_blocked, id=1359429, stack(0x00007f50c0780000,0x00007f50c0881000)]
  0x00007f50d4163000 JavaThread "C1 CompilerThread2" daemon [_thread_blocked, id=1359428, stack(0x00007f50c0882000,0x00007f50c0982000)]
  0x00007f50d4161800 JavaThread "C2 CompilerThread1" daemon [_thread_in_vm, id=1359427, stack(0x00007f50c0983000,0x00007f50c0a83000)]
  0x00007f50d415e800 JavaThread "C2 CompilerThread0" daemon [_thread_in_native, id=1359426, stack(0x00007f50c0a84000,0x00007f50c0b84000)]
  0x00007f50d415d000 JavaThread "Signal Dispatcher" daemon [_thread_blocked, id=1359425, stack(0x00007f50c0b84000,0x00007f50c0c85000)]
  0x00007f50d4129800 JavaThread "Finalizer" daemon [_thread_blocked, id=1359424, stack(0x00007f50c11f5000,0x00007f50c12f6000)]
  0x00007f50d4125000 JavaThread "Reference Handler" daemon [_thread_blocked, id=1359423, stack(0x00007f50c12f6000,0x00007f50c13f7000)]
=>0x00007f50d400d000 JavaThread "main" [_thread_in_native, id=1359417, stack(0x00007f50da090000,0x00007f50da190000)]

Other Threads:
  0x00007f50d411b800 VMThread [stack: 0x00007f50c13f8000,0x00007f50c14f8000] [id=1359422]
  0x00007f50d4173000 WatcherThread [stack: 0x00007f50c0680000,0x00007f50c0780000] [id=1359430]

VM state:not at safepoint (normal execution)

VM Mutex/Monitor currently owned by a thread: None

heap address: 0x00000005ca400000, size: 8028 MB, Compressed Oops mode: Zero based, Oop shift amount: 3
Narrow klass base: 0x0000000000000000, Narrow klass shift: 3
Compressed class space size: 1073741824 Address: 0x00000007c0000000

Heap:
 PSYoungGen      total 184832K, used 99267K [0x0000000718c00000, 0x0000000729d00000, 0x00000007c0000000)
  eden space 182272K, 53% used [0x0000000718c00000,0x000000071eaa0e58,0x0000000723e00000)
  from space 2560K, 92% used [0x0000000727600000,0x0000000727850000,0x0000000727880000)
  to   space 20992K, 0% used [0x0000000728880000,0x0000000728880000,0x0000000729d00000)
 ParOldGen       total 235520K, used 17398K [0x00000005ca400000, 0x00000005d8a00000, 0x0000000718c00000)
  object space 235520K, 7% used [0x00000005ca400000,0x00000005cb4fd920,0x00000005d8a00000)
 Metaspace       used 22951K, capacity 23800K, committed 23936K, reserved 1071104K
  class space    used 2610K, capacity 2828K, committed 2944K, reserved 1048576K

Card table byte_map: [0x00007f50c4051000,0x00007f50c5000000] byte_map_base: 0x00007f50c11ff000

Marking Bits: (ParMarkBitMap*) 0x00007f50db2b91c0
 Begin Bits: [0x00007f50a4520000, 0x00007f50ac290000)
 End Bits:   [0x00007f50ac290000, 0x00007f50b4000000)

Polling page: 0x00007f50db743000

CodeCache: size=245760Kb used=16630Kb max_used=16632Kb free=229129Kb
 bounds [0x00007f50c5000000, 0x00007f50c6050000, 0x00007f50d4000000]
 total_blobs=5368 nmethods=4949 adapters=331
 compilation: enabled

Compilation events (10 events):
Event: 4.524 Thread 0x00007f50d4163000 4964       2       sun.net.www.protocol.jar.URLJarFile::getEntry (69 bytes)
Event: 4.525 Thread 0x00007f50d4163000 nmethod 4964 0x00007f50c6040c50 code [0x00007f50c6040e60, 0x00007f50c6041638]
Event: 4.525 Thread 0x00007f50d4163000 4965       2       java.net.URLConnection::setUseCaches (23 bytes)
Event: 4.525 Thread 0x00007f50d4163000 nmethod 4965 0x00007f50c60407d0 code [0x00007f50c6040940, 0x00007f50c6040b68]
Event: 4.525 Thread 0x00007f50d4161800 nmethod 4934% 0x00007f50c603ec50 code [0x00007f50c603edc0, 0x00007f50c603f068]
Event: 4.525 Thread 0x00007f50d4161800 4945   !   4       com.thoughtworks.xstream.converters.reflection.FieldDictionary::buildMap (198 bytes)
Event: 4.531 Thread 0x00007f50d4163000 4967   !   2       sun.util.calendar.ZoneInfoFile::getZoneInfo0 (149 bytes)
Event: 4.532 Thread 0x00007f50d4163000 nmethod 4967 0x00007f50c603f2d0 code [0x00007f50c603f520, 0x00007f50c603feb8]
Event: 4.534 Thread 0x00007f50d4163000 4968       2       sun.reflect.NativeMethodAccessorImpl::invoke (104 bytes)
Event: 4.535 Thread 0x00007f50d4163000 nmethod 4968 0x00007f50c603dfd0 code [0x00007f50c603e1a0, 0x00007f50c603e738]

GC Heap History (8 events):
Event: 1.400 GC heap before
{Heap before GC invocations=1 (full 0):
 PSYoungGen      total 150016K, used 104875K [0x0000000718c00000, 0x0000000723300000, 0x00000007c0000000)
  eden space 129024K, 81% used [0x0000000718c00000,0x000000071f26ae28,0x0000000720a00000)
  from space 20992K, 0% used [0x0000000721e80000,0x0000000721e80000,0x0000000723300000)
  to   space 20992K, 0% used [0x0000000720a00000,0x0000000720a00000,0x0000000721e80000)
 ParOldGen       total 343040K, used 0K [0x00000005ca400000, 0x00000005df300000, 0x0000000718c00000)
  object space 343040K, 0% used [0x00000005ca400000,0x00000005ca400000,0x00000005df300000)
 Metaspace       used 20427K, capacity 21110K, committed 21248K, reserved 1067008K
  class space    used 2547K, capacity 2753K, committed 2816K, reserved 1048576K
Event: 1.420 GC heap after
Heap after GC invocations=1 (full 0):
 PSYoungGen      total 150016K, used 17859K [0x0000000718c00000, 0x000000072b100000, 0x00000007c0000000)
  eden space 129024K, 0% used [0x0000000718c00000,0x0000000718c00000,0x0000000720a00000)
  from space 20992K, 85% used [0x0000000720a00000,0x0000000721b70c18,0x0000000721e80000)
  to   space 20992K, 0% used [0x0000000729c80000,0x0000000729c80000,0x000000072b100000)
 ParOldGen       total 343040K, used 16K [0x00000005ca400000, 0x00000005df300000, 0x0000000718c00000)
  object space 343040K, 0% used [0x00000005ca400000,0x00000005ca404000,0x00000005df300000)
 Metaspace       used 20427K, capacity 21110K, committed 21248K, reserved 1067008K
  class space    used 2547K, capacity 2753K, committed 2816K, reserved 1048576K
}
Event: 1.420 GC heap before
{Heap before GC invocations=2 (full 1):
 PSYoungGen      total 150016K, used 17859K [0x0000000718c00000, 0x000000072b100000, 0x00000007c0000000)
  eden space 129024K, 0% used [0x0000000718c00000,0x0000000718c00000,0x0000000720a00000)
  from space 20992K, 85% used [0x0000000720a00000,0x0000000721b70c18,0x0000000721e80000)
  to   space 20992K, 0% used [0x0000000729c80000,0x0000000729c80000,0x000000072b100000)
 ParOldGen       total 343040K, used 16K [0x00000005ca400000, 0x00000005df300000, 0x0000000718c00000)
  object space 343040K, 0% used [0x00000005ca400000,0x00000005ca404000,0x00000005df300000)
 Metaspace       used 20427K, capacity 21110K, committed 21248K, reserved 1067008K
  class space    used 2547K, capacity 2753K, committed 2816K, reserved 1048576K
Event: 1.466 GC heap after
Heap after GC invocations=2 (full 1):
 PSYoungGen      total 150016K, used 0K [0x0000000718c00000, 0x000000072b100000, 0x00000007c0000000)
  eden space 129024K, 0% used [0x0000000718c00000,0x0000000718c00000,0x0000000720a00000)
  from space 20992K, 0% used [0x0000000720a00000,0x0000000720a00000,0x0000000721e80000)
  to   space 20992K, 0% used [0x0000000729c80000,0x0000000729c80000,0x000000072b100000)
 ParOldGen       total 235520K, used 17382K [0x00000005ca400000, 0x00000005d8a00000, 0x0000000718c00000)
  object space 235520K, 7% used [0x00000005ca400000,0x00000005cb4f9920,0x00000005d8a00000)
 Metaspace       used 20427K, capacity 21110K, committed 21248K, reserved 1067008K
  class space    used 2547K, capacity 2753K, committed 2816K, reserved 1048576K
}
Event: 2.742 GC heap before
{Heap before GC invocations=3 (full 1):
 PSYoungGen      total 150016K, used 129024K [0x0000000718c00000, 0x000000072b100000, 0x00000007c0000000)
  eden space 129024K, 100% used [0x0000000718c00000,0x0000000720a00000,0x0000000720a00000)
  from space 20992K, 0% used [0x0000000720a00000,0x0000000720a00000,0x0000000721e80000)
  to   space 20992K, 0% used [0x0000000729c80000,0x0000000729c80000,0x000000072b100000)
 ParOldGen       total 235520K, used 17382K [0x00000005ca400000, 0x00000005d8a00000, 0x0000000718c00000)
  object space 235520K, 7% used [0x00000005ca400000,0x00000005cb4f9920,0x00000005d8a00000)
 Metaspace       used 22081K, capacity 23064K, committed 23424K, reserved 1069056K
  class space    used 2608K, capacity 2826K, committed 2944K, reserved 1048576K
Event: 2.745 GC heap after
Heap after GC invocations=3 (full 1):
 PSYoungGen      total 158208K, used 2224K [0x0000000718c00000, 0x0000000729f00000, 0x00000007c0000000)
  eden space 155648K, 0% used [0x0000000718c00000,0x0000000718c00000,0x0000000722400000)
  from space 2560K, 86% used [0x0000000729c80000,0x0000000729eac020,0x0000000729f00000)
  to   space 20992K, 0% used [0x0000000727600000,0x0000000727600000,0x0000000728a80000)
 ParOldGen       total 235520K, used 17390K [0x00000005ca400000, 0x00000005d8a00000, 0x0000000718c00000)
  object space 235520K, 7% used [0x00000005ca400000,0x00000005cb4fb920,0x00000005d8a00000)
 Metaspace       used 22081K, capacity 23064K, committed 23424K, reserved 1069056K
  class space    used 2608K, capacity 2826K, committed 2944K, reserved 1048576K
}
Event: 4.002 GC heap before
{Heap before GC invocations=4 (full 1):
 PSYoungGen      total 158208K, used 157872K [0x0000000718c00000, 0x0000000729f00000, 0x00000007c0000000)
  eden space 155648K, 100% used [0x0000000718c00000,0x0000000722400000,0x0000000722400000)
  from space 2560K, 86% used [0x0000000729c80000,0x0000000729eac020,0x0000000729f00000)
  to   space 20992K, 0% used [0x0000000727600000,0x0000000727600000,0x0000000728a80000)
 ParOldGen       total 235520K, used 17390K [0x00000005ca400000, 0x00000005d8a00000, 0x0000000718c00000)
  object space 235520K, 7% used [0x00000005ca400000,0x00000005cb4fb920,0x00000005d8a00000)
 Metaspace       used 22796K, capacity 23714K, committed 23936K, reserved 1071104K
  class space    used 2609K, capacity 2827K, committed 2944K, reserved 1048576K
Event: 4.005 GC heap after
Heap after GC invocations=4 (full 1):
 PSYoungGen      total 184832K, used 2368K [0x0000000718c00000, 0x0000000729d00000, 0x00000007c0000000)
  eden space 182272K, 0% used [0x0000000718c00000,0x0000000718c00000,0x0000000723e00000)
  from space 2560K, 92% used [0x0000000727600000,0x0000000727850000,0x0000000727880000)
  to   space 20992K, 0% used [0x0000000728880000,0x0000000728880000,0x0000000729d00000)
 ParOldGen       total 235520K, used 17398K [0x00000005ca400000, 0x00000005d8a00000, 0x0000000718c00000)
  object space 235520K, 7% used [0x00000005ca400000,0x00000005cb4fd920,0x00000005d8a00000)
 Metaspace       used 22796K, capacity 23714K, committed 23936K, reserved 1071104K
  class space    used 2609K, capacity 2827K, committed 2944K, reserved 1048576K
}

Deoptimization events (10 events):
Event: 1.794 Thread 0x00007f50d400d000 Uncommon trap: reason=class_check action=maybe_recompile pc=0x00007f50c53eb978 method=java.util.regex.Pattern$CharProperty$1.isSatisfiedBy(I)Z @ 5
Event: 1.794 Thread 0x00007f50d400d000 Uncommon trap: reason=class_check action=maybe_recompile pc=0x00007f50c53eb978 method=java.util.regex.Pattern$CharProperty$1.isSatisfiedBy(I)Z @ 5
Event: 1.809 Thread 0x00007f50d400d000 Uncommon trap: reason=unstable_if action=reinterpret pc=0x00007f50c57252b0 method=randoop.com.github.javaparser.ast.Node.lambda$walk$8(Ljava/lang/Class;Ljava/util/function/Consumer;Lrandoop/com/github/javaparser/ast/Node;)V @ 8
Event: 1.843 Thread 0x00007f50d400d000 Uncommon trap: reason=unstable_if action=reinterpret pc=0x00007f50c57348b8 method=com.sun.tools.javac.util.ListBuffer.append(Ljava/lang/Object;)Lcom/sun/tools/javac/util/ListBuffer; @ 9
Event: 1.976 Thread 0x00007f50d400d000 Uncommon trap: reason=unstable_if action=reinterpret pc=0x00007f50c568ab74 method=com.sun.tools.javac.jvm.ClassReader.readPool(I)Ljava/lang/Object; @ 21
Event: 1.976 Thread 0x00007f50d400d000 Uncommon trap: reason=unstable_if action=reinterpret pc=0x00007f50c5676c24 method=com.sun.tools.javac.jvm.ClassReader.readName(I)Lcom/sun/tools/javac/util/Name; @ 7
Event: 2.057 Thread 0x00007f50d400d000 Uncommon trap: reason=unstable_if action=reinterpret pc=0x00007f50c55e1d60 method=com.sun.tools.javac.code.Scope.dble()V @ 44
Event: 3.454 Thread 0x00007f50d400d000 Uncommon trap: reason=unstable_if action=reinterpret pc=0x00007f50c598f124 method=randoop.com.github.javaparser.GeneratedJavaParserTokenManager.jjMoveNfa_0(II)I @ 874
Event: 3.568 Thread 0x00007f50d400d000 Uncommon trap: reason=unstable_if action=reinterpret pc=0x00007f50c5a3b69c method=randoop.com.github.javaparser.utils.PositionUtils.compare(Lrandoop/com/github/javaparser/ast/Node;Lrandoop/com/github/javaparser/ast/Node;Z)I @ 39
Event: 3.569 Thread 0x00007f50d400d000 Uncommon trap: reason=unstable_if action=reinterpret pc=0x00007f50c5a25850 method=randoop.com.github.javaparser.utils.PositionUtils.compare(Lrandoop/com/github/javaparser/ast/Node;Lrandoop/com/github/javaparser/ast/Node;Z)I @ 39

Classes redefined (0 events):
No events

Internal exceptions (10 events):
Event: 0.799 Thread 0x00007f50d400d000 Exception <a 'java/lang/NoSuchMethodError': java.lang.Object.lambda$findAncestor$0(Ljava/lang/Object;)Z> (0x000000071bb03258) thrown at [/scratch/jenkins/workspace/8-2-build-linux-amd64/jdk8u291/1294/hotspot/src/share/vm/interpreter/linkResolver.cpp, line
Event: 0.995 Thread 0x00007f50d400d000 Exception <a 'java/io/FileNotFoundException'> (0x000000071cb9faf8) thrown at [/scratch/jenkins/workspace/8-2-build-linux-amd64/jdk8u291/1294/hotspot/src/share/vm/prims/jni.cpp, line 710]
Event: 0.997 Thread 0x00007f50d400d000 Exception <a 'java/io/FileNotFoundException'> (0x000000071cbfb1c0) thrown at [/scratch/jenkins/workspace/8-2-build-linux-amd64/jdk8u291/1294/hotspot/src/share/vm/prims/jni.cpp, line 710]
Event: 1.234 Thread 0x00007f50d400d000 Implicit null exception at 0x00007f50c53a05ef to 0x00007f50c53a0af1
Event: 1.791 Thread 0x00007f50d400d000 Exception <a 'java/lang/reflect/InvocationTargetException'> (0x000000071ac07488) thrown at [/scratch/jenkins/workspace/8-2-build-linux-amd64/jdk8u291/1294/hotspot/src/share/vm/runtime/reflection.cpp, line 1092]
Event: 1.802 Thread 0x00007f50d400d000 Exception <a 'java/lang/NoSuchMethodError': java.lang.Object.lambda$getEnd$1(Lrandoop/com/github/javaparser/Range;)Lrandoop/com/github/javaparser/Position;> (0x000000071ac7a440) thrown at [/scratch/jenkins/workspace/8-2-build-linux-amd64/jdk8u291/1294/hot
Event: 1.976 Thread 0x00007f50d400d000 Implicit null exception at 0x00007f50c5676bd8 to 0x00007f50c5676c12
Event: 1.996 Thread 0x00007f50d400d000 Exception <a 'java/lang/reflect/InvocationTargetException'> (0x000000071c11df90) thrown at [/scratch/jenkins/workspace/8-2-build-linux-amd64/jdk8u291/1294/hotspot/src/share/vm/runtime/reflection.cpp, line 1092]
Event: 2.664 Thread 0x00007f50d400d000 Exception <a 'java/lang/reflect/InvocationTargetException'> (0x00000007203c1bf8) thrown at [/scratch/jenkins/workspace/8-2-build-linux-amd64/jdk8u291/1294/hotspot/src/share/vm/runtime/reflection.cpp, line 1092]
Event: 2.724 Thread 0x00007f50d400d000 Exception <a 'java/lang/reflect/InvocationTargetException'> (0x0000000720873548) thrown at [/scratch/jenkins/workspace/8-2-build-linux-amd64/jdk8u291/1294/hotspot/src/share/vm/runtime/reflection.cpp, line 1092]

Events (10 events):
Event: 3.953 Thread 0x00007f50d400d000 DEOPT PACKING pc=0x00007f50c564ce0f sp=0x00007f50da18dd80
Event: 3.953 Thread 0x00007f50d400d000 DEOPT UNPACKING pc=0x00007f50c5047784 sp=0x00007f50da18db48 mode 0
Event: 4.001 Executing VM operation: ParallelGCFailedAllocation
Event: 4.006 Executing VM operation: ParallelGCFailedAllocation done
Event: 4.055 Executing VM operation: EnableBiasedLocking
Event: 4.056 Executing VM operation: EnableBiasedLocking done
Event: 4.266 Thread 0x00007f50d400d000 DEOPT PACKING pc=0x00007f50c563ccb7 sp=0x00007f50da18d730
Event: 4.266 Thread 0x00007f50d400d000 DEOPT UNPACKING pc=0x00007f50c5047784 sp=0x00007f50da18d470 mode 0
Event: 4.408 Thread 0x00007f50d400d000 DEOPT PACKING pc=0x00007f50c5f0a13a sp=0x00007f50da18e1c0
Event: 4.408 Thread 0x00007f50d400d000 DEOPT UNPACKING pc=0x00007f50c5047784 sp=0x00007f50da18df78 mode 0


Dynamic libraries:
5ca400000-5d8a00000 rw-p 00000000 00:00 0 
5d8a00000-718c00000 ---p 00000000 00:00 0 
718c00000-729d00000 rw-p 00000000 00:00 0 
729d00000-7c0000000 ---p 00000000 00:00 0 
7c0000000-7c02e0000 rw-p 00000000 00:00 0 
7c02e0000-800000000 ---p 00000000 00:00 0 
559762774000-559762775000 r-xp 00000000 08:02 33030217                   /usr/lib/jvm/jdk1.8.0_291/bin/java
559762974000-559762975000 r--p 00000000 08:02 33030217                   /usr/lib/jvm/jdk1.8.0_291/bin/java
559762975000-559762976000 rw-p 00001000 08:02 33030217                   /usr/lib/jvm/jdk1.8.0_291/bin/java
559762ff8000-559763019000 rw-p 00000000 00:00 0                          [heap]
7f5070000000-7f5070021000 rw-p 00000000 00:00 0 
7f5070021000-7f5074000000 ---p 00000000 00:00 0 
7f5078000000-7f5078021000 rw-p 00000000 00:00 0 
7f5078021000-7f507c000000 ---p 00000000 00:00 0 
7f507c000000-7f507c021000 rw-p 00000000 00:00 0 
7f507c021000-7f5080000000 ---p 00000000 00:00 0 
7f5080000000-7f50815f1000 rw-p 00000000 00:00 0 
7f50815f1000-7f5084000000 ---p 00000000 00:00 0 
7f5084000000-7f5085448000 rw-p 00000000 00:00 0 
7f5085448000-7f5088000000 ---p 00000000 00:00 0 
7f5088000000-7f5088021000 rw-p 00000000 00:00 0 
7f5088021000-7f508c000000 ---p 00000000 00:00 0 
7f508c000000-7f508d4f1000 rw-p 00000000 00:00 0 
7f508d4f1000-7f5090000000 ---p 00000000 00:00 0 
7f5090000000-7f5090021000 rw-p 00000000 00:00 0 
7f5090021000-7f5094000000 ---p 00000000 00:00 0 
7f5094000000-7f5094021000 rw-p 00000000 00:00 0 
7f5094021000-7f5098000000 ---p 00000000 00:00 0 
7f5098000000-7f5098021000 rw-p 00000000 00:00 0 
7f5098021000-7f509c000000 ---p 00000000 00:00 0 
7f509c000000-7f509c021000 rw-p 00000000 00:00 0 
7f509c021000-7f50a0000000 ---p 00000000 00:00 0 
7f50a0000000-7f50a0021000 rw-p 00000000 00:00 0 
7f50a0021000-7f50a4000000 ---p 00000000 00:00 0 
7f50a4520000-7f50b4000000 rw-p 00000000 00:00 0 
7f50b4000000-7f50b4021000 rw-p 00000000 00:00 0 
7f50b4021000-7f50b8000000 ---p 00000000 00:00 0 
7f50b8028000-7f50b80a8000 rw-p 00000000 00:00 0 
7f50b80a8000-7f50b8228000 ---p 00000000 00:00 0 
7f50b83ff000-7f50b85ff000 rw-p 00000000 00:00 0 
7f50b85ff000-7f50b87ff000 rw-p 00000000 00:00 0 
7f50b87ff000-7f50b89ff000 rw-p 00000000 00:00 0 
7f50b89ff000-7f50b8bff000 rw-p 00000000 00:00 0 
7f50b8bff000-7f50b8dff000 rw-p 00000000 00:00 0 
7f50b8dff000-7f50b8fff000 rw-p 00000000 00:00 0 
7f50b8fff000-7f50bc000000 rw-p 00000000 00:00 0 
7f50bc000000-7f50bc021000 rw-p 00000000 00:00 0 
7f50bc021000-7f50c0000000 ---p 00000000 00:00 0 
7f50c0069000-7f50c006c000 ---p 00000000 00:00 0 
7f50c006c000-7f50c016a000 rw-p 00000000 00:00 0 
7f50c016a000-7f50c01e3000 r--s 010ff000 08:02 33030705                   /usr/lib/jvm/jdk1.8.0_291/lib/tools.jar
7f50c01e3000-7f50c01f9000 r-xp 00000000 08:02 33030277                   /usr/lib/jvm/jdk1.8.0_291/jre/lib/amd64/libnet.so
7f50c01f9000-7f50c03f8000 ---p 00016000 08:02 33030277                   /usr/lib/jvm/jdk1.8.0_291/jre/lib/amd64/libnet.so
7f50c03f8000-7f50c03f9000 r--p 00015000 08:02 33030277                   /usr/lib/jvm/jdk1.8.0_291/jre/lib/amd64/libnet.so
7f50c03f9000-7f50c03fa000 rw-p 00016000 08:02 33030277                   /usr/lib/jvm/jdk1.8.0_291/jre/lib/amd64/libnet.so
7f50c03fa000-7f50c040b000 r-xp 00000000 08:02 33030292                   /usr/lib/jvm/jdk1.8.0_291/jre/lib/amd64/libnio.so
7f50c040b000-7f50c060a000 ---p 00011000 08:02 33030292                   /usr/lib/jvm/jdk1.8.0_291/jre/lib/amd64/libnio.so
7f50c060a000-7f50c060b000 r--p 00010000 08:02 33030292                   /usr/lib/jvm/jdk1.8.0_291/jre/lib/amd64/libnio.so
7f50c060b000-7f50c060c000 rw-p 00011000 08:02 33030292                   /usr/lib/jvm/jdk1.8.0_291/jre/lib/amd64/libnio.so
7f50c060c000-7f50c067f000 r--s 0059c000 08:02 46531941                   /home/CIN/lmps2/semantic-conflict-study/SMAT/nimrod/tools/bin/randoop-all-4.2.5.jar
7f50c067f000-7f50c0680000 ---p 00000000 00:00 0 
7f50c0680000-7f50c0780000 rw-p 00000000 00:00 0 
7f50c0780000-7f50c0783000 ---p 00000000 00:00 0 
7f50c0783000-7f50c0881000 rw-p 00000000 00:00 0 
7f50c0881000-7f50c0882000 ---p 00000000 00:00 0 
7f50c0882000-7f50c0885000 ---p 00000000 00:00 0 
7f50c0885000-7f50c0982000 rw-p 00000000 00:00 0 
7f50c0982000-7f50c0983000 ---p 00000000 00:00 0 
7f50c0983000-7f50c0986000 ---p 00000000 00:00 0 
7f50c0986000-7f50c0a83000 rw-p 00000000 00:00 0 
7f50c0a83000-7f50c0a84000 ---p 00000000 00:00 0 
7f50c0a84000-7f50c0a87000 ---p 00000000 00:00 0 
7f50c0a87000-7f50c0b84000 rw-p 00000000 00:00 0 
7f50c0b84000-7f50c0b87000 ---p 00000000 00:00 0 
7f50c0b87000-7f50c0c85000 rw-p 00000000 00:00 0 
7f50c0c85000-7f50c11f5000 r--p 00000000 08:02 25953917                   /usr/lib/locale/locale-archive
7f50c11f5000-7f50c11f8000 ---p 00000000 00:00 0 
7f50c11f8000-7f50c12f6000 rw-p 00000000 00:00 0 
7f50c12f6000-7f50c12f9000 ---p 00000000 00:00 0 
7f50c12f9000-7f50c13f7000 rw-p 00000000 00:00 0 
7f50c13f7000-7f50c13f8000 ---p 00000000 00:00 0 
7f50c13f8000-7f50c2457000 rw-p 00000000 00:00 0 
7f50c2457000-7f50c2634000 r--s 03e1d000 08:02 33030429                   /usr/lib/jvm/jdk1.8.0_291/jre/lib/rt.jar
7f50c2634000-7f50c3f50000 rw-p 00000000 00:00 0 
7f50c3f50000-7f50c3f51000 ---p 00000000 00:00 0 
7f50c3f51000-7f50c40c4000 rw-p 00000000 00:00 0 
7f50c40c4000-7f50c4ac5000 ---p 00000000 00:00 0 
7f50c4ac5000-7f50c4b4e000 rw-p 00000000 00:00 0 
7f50c4b4e000-7f50c4fff000 ---p 00000000 00:00 0 
7f50c4fff000-7f50c5000000 rw-p 00000000 00:00 0 
7f50c5000000-7f50c6050000 rwxp 00000000 00:00 0 
7f50c6050000-7f50d4000000 ---p 00000000 00:00 0 
7f50d4000000-7f50d56ae000 rw-p 00000000 00:00 0 
7f50d56ae000-7f50d8000000 ---p 00000000 00:00 0 
7f50d8011000-7f50d8028000 r--s 00111000 08:02 46934735                   /home/CIN/lmps2/semantic-conflict-study/mergedataset/okhttp/1151c9853ccc3c9c3211c613b9b845b925f8c6a6/serialized/left/4c8ce7cad.jar
7f50d8028000-7f50d8050000 rw-p 00000000 00:00 0 
7f50d8050000-7f50d8051000 ---p 00000000 00:00 0 
7f50d8051000-7f50d8151000 rw-p 00000000 00:00 0 
7f50d8151000-7f50d8152000 ---p 00000000 00:00 0 
7f50d8152000-7f50d8252000 rw-p 00000000 00:00 0 
7f50d8252000-7f50d8253000 ---p 00000000 00:00 0 
7f50d8253000-7f50d83c6000 rw-p 00000000 00:00 0 
7f50d83c6000-7f50d8dc7000 ---p 00000000 00:00 0 
7f50d8dc7000-7f50d8e09000 rw-p 00000000 00:00 0 
7f50d8e09000-7f50d9187000 ---p 00000000 00:00 0 
7f50d9187000-7f50d91a2000 r-xp 00000000 08:02 33030276                   /usr/lib/jvm/jdk1.8.0_291/jre/lib/amd64/libzip.so
7f50d91a2000-7f50d93a1000 ---p 0001b000 08:02 33030276                   /usr/lib/jvm/jdk1.8.0_291/jre/lib/amd64/libzip.so
7f50d93a1000-7f50d93a2000 r--p 0001a000 08:02 33030276                   /usr/lib/jvm/jdk1.8.0_291/jre/lib/amd64/libzip.so
7f50d93a2000-7f50d93a3000 rw-p 0001b000 08:02 33030276                   /usr/lib/jvm/jdk1.8.0_291/jre/lib/amd64/libzip.so
7f50d93a3000-7f50d9ba8000 r--s 00000000 08:02 32771321                   /var/lib/sss/mc/passwd
7f50d9ba8000-7f50d9baa000 r--p 00000000 08:02 23335222                   /lib/x86_64-linux-gnu/libnss_sss.so.2
7f50d9baa000-7f50d9bb0000 r-xp 00002000 08:02 23335222                   /lib/x86_64-linux-gnu/libnss_sss.so.2
7f50d9bb0000-7f50d9bb2000 r--p 00008000 08:02 23335222                   /lib/x86_64-linux-gnu/libnss_sss.so.2
7f50d9bb2000-7f50d9bb3000 r--p 00009000 08:02 23335222                   /lib/x86_64-linux-gnu/libnss_sss.so.2
7f50d9bb3000-7f50d9bb4000 rw-p 0000a000 08:02 23335222                   /lib/x86_64-linux-gnu/libnss_sss.so.2
7f50d9bb4000-7f50d9bba000 r--p 00000000 08:02 23330822                   /lib/x86_64-linux-gnu/libnss_systemd.so.2
7f50d9bba000-7f50d9be0000 r-xp 00006000 08:02 23330822                   /lib/x86_64-linux-gnu/libnss_systemd.so.2
7f50d9be0000-7f50d9bec000 r--p 0002c000 08:02 23330822                   /lib/x86_64-linux-gnu/libnss_systemd.so.2
7f50d9bec000-7f50d9bef000 r--p 00037000 08:02 23330822                   /lib/x86_64-linux-gnu/libnss_systemd.so.2
7f50d9bef000-7f50d9bf0000 rw-p 0003a000 08:02 23330822                   /lib/x86_64-linux-gnu/libnss_systemd.so.2
7f50d9bf0000-7f50d9bf3000 r--p 00000000 08:02 23331260                   /lib/x86_64-linux-gnu/libnss_files-2.31.so
7f50d9bf3000-7f50d9bfa000 r-xp 00003000 08:02 23331260                   /lib/x86_64-linux-gnu/libnss_files-2.31.so
7f50d9bfa000-7f50d9bfc000 r--p 0000a000 08:02 23331260                   /lib/x86_64-linux-gnu/libnss_files-2.31.so
7f50d9bfc000-7f50d9bfd000 r--p 0000b000 08:02 23331260                   /lib/x86_64-linux-gnu/libnss_files-2.31.so
7f50d9bfd000-7f50d9bfe000 rw-p 0000c000 08:02 23331260                   /lib/x86_64-linux-gnu/libnss_files-2.31.so
7f50d9bfe000-7f50d9c04000 rw-p 00000000 00:00 0 
7f50d9c04000-7f50d9c09000 r--p 00000000 08:02 23331256                   /lib/x86_64-linux-gnu/libnsl-2.31.so
7f50d9c09000-7f50d9c19000 r-xp 00005000 08:02 23331256                   /lib/x86_64-linux-gnu/libnsl-2.31.so
7f50d9c19000-7f50d9c1d000 r--p 00015000 08:02 23331256                   /lib/x86_64-linux-gnu/libnsl-2.31.so
7f50d9c1d000-7f50d9c1e000 r--p 00018000 08:02 23331256                   /lib/x86_64-linux-gnu/libnsl-2.31.so
7f50d9c1e000-7f50d9c1f000 rw-p 00019000 08:02 23331256                   /lib/x86_64-linux-gnu/libnsl-2.31.so
7f50d9c1f000-7f50d9c21000 rw-p 00000000 00:00 0 
7f50d9c21000-7f50d9c24000 r--p 00000000 08:02 23331284                   /lib/x86_64-linux-gnu/libnss_nis-2.31.so
7f50d9c24000-7f50d9c2c000 r-xp 00003000 08:02 23331284                   /lib/x86_64-linux-gnu/libnss_nis-2.31.so
7f50d9c2c000-7f50d9c2e000 r--p 0000b000 08:02 23331284                   /lib/x86_64-linux-gnu/libnss_nis-2.31.so
7f50d9c2e000-7f50d9c2f000 r--p 0000c000 08:02 23331284                   /lib/x86_64-linux-gnu/libnss_nis-2.31.so
7f50d9c2f000-7f50d9c30000 rw-p 0000d000 08:02 23331284                   /lib/x86_64-linux-gnu/libnss_nis-2.31.so
7f50d9c30000-7f50d9c32000 r--p 00000000 08:02 23331258                   /lib/x86_64-linux-gnu/libnss_compat-2.31.so
7f50d9c32000-7f50d9c39000 r-xp 00002000 08:02 23331258                   /lib/x86_64-linux-gnu/libnss_compat-2.31.so
7f50d9c39000-7f50d9c3a000 r--p 00009000 08:02 23331258                   /lib/x86_64-linux-gnu/libnss_compat-2.31.so
7f50d9c3a000-7f50d9c3b000 r--p 00009000 08:02 23331258                   /lib/x86_64-linux-gnu/libnss_compat-2.31.so
7f50d9c3b000-7f50d9c3c000 rw-p 0000a000 08:02 23331258                   /lib/x86_64-linux-gnu/libnss_compat-2.31.so
7f50d9c44000-7f50d9c46000 r--s 00010000 08:02 33030411                   /usr/lib/jvm/jdk1.8.0_291/jre/lib/ext/zipfs.jar
7f50d9c46000-7f50d9c72000 r-xp 00000000 08:02 33030273                   /usr/lib/jvm/jdk1.8.0_291/jre/lib/amd64/libjava.so
7f50d9c72000-7f50d9e72000 ---p 0002c000 08:02 33030273                   /usr/lib/jvm/jdk1.8.0_291/jre/lib/amd64/libjava.so
7f50d9e72000-7f50d9e73000 r--p 0002c000 08:02 33030273                   /usr/lib/jvm/jdk1.8.0_291/jre/lib/amd64/libjava.so
7f50d9e73000-7f50d9e75000 rw-p 0002d000 08:02 33030273                   /usr/lib/jvm/jdk1.8.0_291/jre/lib/amd64/libjava.so
7f50d9e75000-7f50d9e82000 r-xp 00000000 08:02 33030262                   /usr/lib/jvm/jdk1.8.0_291/jre/lib/amd64/libverify.so
7f50d9e82000-7f50da081000 ---p 0000d000 08:02 33030262                   /usr/lib/jvm/jdk1.8.0_291/jre/lib/amd64/libverify.so
7f50da081000-7f50da083000 r--p 0000c000 08:02 33030262                   /usr/lib/jvm/jdk1.8.0_291/jre/lib/amd64/libverify.so
7f50da083000-7f50da084000 rw-p 0000e000 08:02 33030262                   /usr/lib/jvm/jdk1.8.0_291/jre/lib/amd64/libverify.so
7f50da084000-7f50da087000 r--p 00000000 08:02 23331306                   /lib/x86_64-linux-gnu/librt-2.31.so
7f50da087000-7f50da08b000 r-xp 00003000 08:02 23331306                   /lib/x86_64-linux-gnu/librt-2.31.so
7f50da08b000-7f50da08c000 r--p 00007000 08:02 23331306                   /lib/x86_64-linux-gnu/librt-2.31.so
7f50da08c000-7f50da08d000 ---p 00008000 08:02 23331306                   /lib/x86_64-linux-gnu/librt-2.31.so
7f50da08d000-7f50da08e000 r--p 00008000 08:02 23331306                   /lib/x86_64-linux-gnu/librt-2.31.so
7f50da08e000-7f50da08f000 rw-p 00009000 08:02 23331306                   /lib/x86_64-linux-gnu/librt-2.31.so
7f50da08f000-7f50da090000 ---p 00000000 00:00 0 
7f50da090000-7f50da093000 ---p 00000000 00:00 0 
7f50da093000-7f50da190000 rw-p 00000000 00:00 0 
7f50da190000-7f50da19f000 r--p 00000000 08:02 23331237                   /lib/x86_64-linux-gnu/libm-2.31.so
7f50da19f000-7f50da246000 r-xp 0000f000 08:02 23331237                   /lib/x86_64-linux-gnu/libm-2.31.so
7f50da246000-7f50da2dd000 r--p 000b6000 08:02 23331237                   /lib/x86_64-linux-gnu/libm-2.31.so
7f50da2dd000-7f50da2de000 r--p 0014c000 08:02 23331237                   /lib/x86_64-linux-gnu/libm-2.31.so
7f50da2de000-7f50da2df000 rw-p 0014d000 08:02 23331237                   /lib/x86_64-linux-gnu/libm-2.31.so
7f50da2df000-7f50dafd4000 r-xp 00000000 08:02 33030255                   /usr/lib/jvm/jdk1.8.0_291/jre/lib/amd64/server/libjvm.so
7f50dafd4000-7f50db1d4000 ---p 00cf5000 08:02 33030255                   /usr/lib/jvm/jdk1.8.0_291/jre/lib/amd64/server/libjvm.so
7f50db1d4000-7f50db26a000 r--p 00cf5000 08:02 33030255                   /usr/lib/jvm/jdk1.8.0_291/jre/lib/amd64/server/libjvm.so
7f50db26a000-7f50db29b000 rw-p 00d8b000 08:02 33030255                   /usr/lib/jvm/jdk1.8.0_291/jre/lib/amd64/server/libjvm.so
7f50db29b000-7f50db2d8000 rw-p 00000000 00:00 0 
7f50db2d8000-7f50db2fd000 r--p 00000000 08:02 23331219                   /lib/x86_64-linux-gnu/libc-2.31.so
7f50db2fd000-7f50db475000 r-xp 00025000 08:02 23331219                   /lib/x86_64-linux-gnu/libc-2.31.so
7f50db475000-7f50db4bf000 r--p 0019d000 08:02 23331219                   /lib/x86_64-linux-gnu/libc-2.31.so
7f50db4bf000-7f50db4c0000 ---p 001e7000 08:02 23331219                   /lib/x86_64-linux-gnu/libc-2.31.so
7f50db4c0000-7f50db4c3000 r--p 001e7000 08:02 23331219                   /lib/x86_64-linux-gnu/libc-2.31.so
7f50db4c3000-7f50db4c6000 rw-p 001ea000 08:02 23331219                   /lib/x86_64-linux-gnu/libc-2.31.so
7f50db4c6000-7f50db4ca000 rw-p 00000000 00:00 0 
7f50db4ca000-7f50db4cb000 r--p 00000000 08:02 23331235                   /lib/x86_64-linux-gnu/libdl-2.31.so
7f50db4cb000-7f50db4cd000 r-xp 00001000 08:02 23331235                   /lib/x86_64-linux-gnu/libdl-2.31.so
7f50db4cd000-7f50db4ce000 r--p 00003000 08:02 23331235                   /lib/x86_64-linux-gnu/libdl-2.31.so
7f50db4ce000-7f50db4cf000 r--p 00003000 08:02 23331235                   /lib/x86_64-linux-gnu/libdl-2.31.so
7f50db4cf000-7f50db4d0000 rw-p 00004000 08:02 23331235                   /lib/x86_64-linux-gnu/libdl-2.31.so
7f50db4d0000-7f50db4e7000 r-xp 00000000 08:02 33030697                   /usr/lib/jvm/jdk1.8.0_291/lib/amd64/jli/libjli.so
7f50db4e7000-7f50db6e6000 ---p 00017000 08:02 33030697                   /usr/lib/jvm/jdk1.8.0_291/lib/amd64/jli/libjli.so
7f50db6e6000-7f50db6e7000 r--p 00016000 08:02 33030697                   /usr/lib/jvm/jdk1.8.0_291/lib/amd64/jli/libjli.so
7f50db6e7000-7f50db6e8000 rw-p 00017000 08:02 33030697                   /usr/lib/jvm/jdk1.8.0_291/lib/amd64/jli/libjli.so
7f50db6e8000-7f50db6ef000 r--p 00000000 08:02 23331295                   /lib/x86_64-linux-gnu/libpthread-2.31.so
7f50db6ef000-7f50db700000 r-xp 00007000 08:02 23331295                   /lib/x86_64-linux-gnu/libpthread-2.31.so
7f50db700000-7f50db705000 r--p 00018000 08:02 23331295                   /lib/x86_64-linux-gnu/libpthread-2.31.so
7f50db705000-7f50db706000 r--p 0001c000 08:02 23331295                   /lib/x86_64-linux-gnu/libpthread-2.31.so
7f50db706000-7f50db707000 rw-p 0001d000 08:02 23331295                   /lib/x86_64-linux-gnu/libpthread-2.31.so
7f50db707000-7f50db70d000 rw-p 00000000 00:00 0 
7f50db70e000-7f50db716000 rw-s 00000000 08:02 52349825                   /tmp/hsperfdata_lmps2/1359416
7f50db716000-7f50db717000 rw-p 00000000 00:00 0 
7f50db717000-7f50db718000 r--p 00000000 08:02 23331055                   /lib/x86_64-linux-gnu/ld-2.31.so
7f50db718000-7f50db73b000 r-xp 00001000 08:02 23331055                   /lib/x86_64-linux-gnu/ld-2.31.so
7f50db73b000-7f50db743000 r--p 00024000 08:02 23331055                   /lib/x86_64-linux-gnu/ld-2.31.so
7f50db743000-7f50db744000 r--p 00000000 00:00 0 
7f50db744000-7f50db745000 r--p 0002c000 08:02 23331055                   /lib/x86_64-linux-gnu/ld-2.31.so
7f50db745000-7f50db746000 rw-p 0002d000 08:02 23331055                   /lib/x86_64-linux-gnu/ld-2.31.so
7f50db746000-7f50db747000 rw-p 00000000 00:00 0 
7ffe5db47000-7ffe5db69000 rw-p 00000000 00:00 0                          [stack]
7ffe5db79000-7ffe5db7c000 r--p 00000000 00:00 0                          [vvar]
7ffe5db7c000-7ffe5db7d000 r-xp 00000000 00:00 0                          [vdso]
ffffffffff600000-ffffffffff601000 --xp 00000000 00:00 0                  [vsyscall]

VM Arguments:
java_command: randoop.main.Main gentests --randomseed=10 --time-limit=300 --junit-output-dir=/home/CIN/lmps2/semantic-conflict-study/SMAT/output-test-dest/okhttp/1151c9853ccc3c9c3211c613b9b845b925f8c6a6/randoop_9 --methodlist=/home/CIN/lmps2/semantic-conflict-study/SMAT/output-test-dest/okhttp/1151c9853ccc3c9c3211c613b9b845b925f8c6a6/randoop_9/methods_to_test.txt --classlist=/home/CIN/lmps2/semantic-conflict-study/SMAT/output-test-dest/okhttp/1151c9853ccc3c9c3211c613b9b845b925f8c6a6/randoop_9/classes_to_test.txt
java_class_path (initial): /home/CIN/lmps2/semantic-conflict-study/mergedataset/okhttp/1151c9853ccc3c9c3211c613b9b845b925f8c6a6/serialized/left/4c8ce7cad.jar::/home/CIN/lmps2/semantic-conflict-study/SMAT/nimrod/tools/bin/randoop-all-4.2.5.jar
Launcher Type: SUN_STANDARD

Environment Variables:
JAVA_HOME=/usr/lib/jvm/jdk1.8.0_291
PATH=/home/CIN/lmps2/.rbenv/plugins/ruby-build/bin:/home/CIN/lmps2/.rbenv/shims:/home/CIN/lmps2/.rbenv/bin:/home/CIN/lmps2/.rbenv/shims:/home/CIN/lmps2/.rbenv/bin:/home/CIN/lmps2/.rbenv/shims:/home/CIN/lmps2/.rbenv/bin:/usr/lib/jvm/jdk-16.0.1:/home/CIN/lmps2/.rbenv/plugins/ruby-build/bin:/home/CIN/lmps2/.rbenv/shims:/home/CIN/lmps2/.rbenv/bin:/home/CIN/lmps2/.rbenv/shims:/home/CIN/lmps2/.rbenv/bin:/home/CIN/lmps2/.rbenv/shims:/home/CIN/lmps2/.rbenv/bin:/usr/lib/jvm/jdk-16.0.1:/usr/local/sbin:/usr/local/bin:/usr/sbin:/usr/bin:/sbin:/bin:/usr/games:/usr/local/games:/snap/bin:/home/CIN/lmps2/.rvm/bin:/home/CIN/lmps2/.rvm/bin:/home/CIN/lmps2/.rvm/bin:/usr/lib/jvm/jdk1.8.0_291/bin
SHELL=/bin/bash

Signal Handlers:
SIGSEGV: [libjvm.so+0xadec90], sa_mask[0]=11111111011111111101111111111110, sa_flags=SA_RESTART|SA_SIGINFO
SIGBUS: [libjvm.so+0xadec90], sa_mask[0]=11111111011111111101111111111110, sa_flags=SA_RESTART|SA_SIGINFO
SIGFPE: [libjvm.so+0x913090], sa_mask[0]=11111111011111111101111111111110, sa_flags=SA_RESTART|SA_SIGINFO
SIGPIPE: [libjvm.so+0x913090], sa_mask[0]=11111111011111111101111111111110, sa_flags=SA_RESTART|SA_SIGINFO
SIGXFSZ: [libjvm.so+0x913090], sa_mask[0]=11111111011111111101111111111110, sa_flags=SA_RESTART|SA_SIGINFO
SIGILL: [libjvm.so+0x913090], sa_mask[0]=11111111011111111101111111111110, sa_flags=SA_RESTART|SA_SIGINFO
SIGUSR1: SIG_DFL, sa_mask[0]=00000000000000000000000000000000, sa_flags=none
SIGUSR2: [libjvm.so+0x912f60], sa_mask[0]=00000000000000000000000000000000, sa_flags=SA_RESTART|SA_SIGINFO
SIGHUP: [libjvm.so+0x913580], sa_mask[0]=11111111011111111101111111111110, sa_flags=SA_RESTART|SA_SIGINFO
SIGINT: [libjvm.so+0x913580], sa_mask[0]=11111111011111111101111111111110, sa_flags=SA_RESTART|SA_SIGINFO
SIGTERM: [libjvm.so+0x913580], sa_mask[0]=11111111011111111101111111111110, sa_flags=SA_RESTART|SA_SIGINFO
SIGQUIT: [libjvm.so+0x913580], sa_mask[0]=11111111011111111101111111111110, sa_flags=SA_RESTART|SA_SIGINFO


---------------  S Y S T E M  ---------------

OS:DISTRIB_ID=Ubuntu
DISTRIB_RELEASE=20.04
DISTRIB_CODENAME=focal
DISTRIB_DESCRIPTION="Ubuntu 20.04.2 LTS"

uname:Linux 5.4.0-74-generic #83-Ubuntu SMP Sat May 8 02:35:39 UTC 2021 x86_64
libc:glibc 2.31 NPTL 2.31 
rlimit: STACK 8192k, CORE infinity, NPROC 128079, NOFILE 1048576, AS infinity
load average:18.02 9.78 4.43

/proc/meminfo:
MemTotal:       32877628 kB
MemFree:         7550488 kB
MemAvailable:   30572392 kB
Buffers:        10016244 kB
Cached:          7113792 kB
SwapCached:         3744 kB
Active:         15473100 kB
Inactive:        3214120 kB
Active(anon):    1384724 kB
Inactive(anon):   182436 kB
Active(file):   14088376 kB
Inactive(file):  3031684 kB
Unevictable:       18528 kB
Mlocked:           18528 kB
SwapTotal:      15624188 kB
SwapFree:       15281148 kB
Dirty:                88 kB
Writeback:             0 kB
AnonPages:       1571888 kB
Mapped:           123108 kB
Shmem:              1792 kB
KReclaimable:    6367948 kB
Slab:            6528876 kB
SReclaimable:    6367948 kB
SUnreclaim:       160928 kB
KernelStack:        4832 kB
PageTables:         9596 kB
NFS_Unstable:          0 kB
Bounce:                0 kB
WritebackTmp:          0 kB
CommitLimit:    32063000 kB
Committed_AS:    5212288 kB
VmallocTotal:   34359738367 kB
VmallocUsed:       21720 kB
VmallocChunk:          0 kB
Percpu:             8832 kB
HardwareCorrupted:     0 kB
AnonHugePages:         0 kB
ShmemHugePages:        0 kB
ShmemPmdMapped:        0 kB
FileHugePages:         0 kB
FilePmdMapped:         0 kB
CmaTotal:              0 kB
CmaFree:               0 kB
HugePages_Total:       0
HugePages_Free:        0
HugePages_Rsvd:        0
HugePages_Surp:        0
Hugepagesize:       2048 kB
Hugetlb:               0 kB
DirectMap4k:     8446208 kB
DirectMap2M:    25098240 kB

container (cgroup) information:
container_type: cgroupv1
cpu_cpuset_cpus: 0-3
cpu_memory_nodes: 0
active_processor_count: 4
cpu_quota: -1
cpu_period: 100000
cpu_shares: -1
memory_limit_in_bytes: -1
memory_and_swap_limit_in_bytes: -2
memory_soft_limit_in_bytes: -1
memory_usage_in_bytes: 12057645056
memory_max_usage_in_bytes: 23580196864


CPU:total 4 (initial active 4) (4 cores per cpu, 1 threads per core) family 6 model 42 stepping 7, cmov, cx8, fxsr, mmx, sse, sse2, sse3, ssse3, sse4.1, sse4.2, popcnt, avx, aes, clmul, tsc, tscinvbit

/proc/cpuinfo:
processor	: 0
vendor_id	: GenuineIntel
cpu family	: 6
model		: 42
model name	: Intel(R) Xeon(R) CPU E31220 @ 3.10GHz
stepping	: 7
microcode	: 0x2f
cpu MHz		: 3278.249
cache size	: 8192 KB
physical id	: 0
siblings	: 4
core id		: 0
cpu cores	: 4
apicid		: 0
initial apicid	: 0
fpu		: yes
fpu_exception	: yes
cpuid level	: 13
wp		: yes
flags		: fpu vme de pse tsc msr pae mce cx8 apic sep mtrr pge mca cmov pat pse36 clflush dts acpi mmx fxsr sse sse2 ht tm pbe syscall nx rdtscp lm constant_tsc arch_perfmon pebs bts rep_good nopl xtopology nonstop_tsc cpuid aperfmperf pni pclmulqdq dtes64 monitor ds_cpl vmx smx est tm2 ssse3 cx16 xtpr pdcm pcid sse4_1 sse4_2 x2apic popcnt tsc_deadline_timer aes xsave avx lahf_lm epb pti ssbd ibrs ibpb stibp tpr_shadow vnmi flexpriority ept vpid xsaveopt dtherm ida arat pln pts md_clear flush_l1d
bugs		: cpu_meltdown spectre_v1 spectre_v2 spec_store_bypass l1tf mds swapgs itlb_multihit
bogomips	: 6185.59
clflush size	: 64
cache_alignment	: 64
address sizes	: 36 bits physical, 48 bits virtual
power management:

processor	: 1
vendor_id	: GenuineIntel
cpu family	: 6
model		: 42
model name	: Intel(R) Xeon(R) CPU E31220 @ 3.10GHz
stepping	: 7
microcode	: 0x2f
cpu MHz		: 3192.628
cache size	: 8192 KB
physical id	: 0
siblings	: 4
core id		: 1
cpu cores	: 4
apicid		: 2
initial apicid	: 2
fpu		: yes
fpu_exception	: yes
cpuid level	: 13
wp		: yes
flags		: fpu vme de pse tsc msr pae mce cx8 apic sep mtrr pge mca cmov pat pse36 clflush dts acpi mmx fxsr sse sse2 ht tm pbe syscall nx rdtscp lm constant_tsc arch_perfmon pebs bts rep_good nopl xtopology nonstop_tsc cpuid aperfmperf pni pclmulqdq dtes64 monitor ds_cpl vmx smx est tm2 ssse3 cx16 xtpr pdcm pcid sse4_1 sse4_2 x2apic popcnt tsc_deadline_timer aes xsave avx lahf_lm epb pti ssbd ibrs ibpb stibp tpr_shadow vnmi flexpriority ept vpid xsaveopt dtherm ida arat pln pts md_clear flush_l1d
bugs		: cpu_meltdown spectre_v1 spectre_v2 spec_store_bypass l1tf mds swapgs itlb_multihit
bogomips	: 6185.59
clflush size	: 64
cache_alignment	: 64
address sizes	: 36 bits physical, 48 bits virtual
power management:

processor	: 2
vendor_id	: GenuineIntel
cpu family	: 6
model		: 42
model name	: Intel(R) Xeon(R) CPU E31220 @ 3.10GHz
stepping	: 7
microcode	: 0x2f
cpu MHz		: 3277.301
cache size	: 8192 KB
physical id	: 0
siblings	: 4
core id		: 2
cpu cores	: 4
apicid		: 4
initial apicid	: 4
fpu		: yes
fpu_exception	: yes
cpuid level	: 13
wp		: yes
flags		: fpu vme de pse tsc msr pae mce cx8 apic sep mtrr pge mca cmov pat pse36 clflush dts acpi mmx fxsr sse sse2 ht tm pbe syscall nx rdtscp lm constant_tsc arch_perfmon pebs bts rep_good nopl xtopology nonstop_tsc cpuid aperfmperf pni pclmulqdq dtes64 monitor ds_cpl vmx smx est tm2 ssse3 cx16 xtpr pdcm pcid sse4_1 sse4_2 x2apic popcnt tsc_deadline_timer aes xsave avx lahf_lm epb pti ssbd ibrs ibpb stibp tpr_shadow vnmi flexpriority ept vpid xsaveopt dtherm ida arat pln pts md_clear flush_l1d
bugs		: cpu_meltdown spectre_v1 spectre_v2 spec_store_bypass l1tf mds swapgs itlb_multihit
bogomips	: 6185.59
clflush size	: 64
cache_alignment	: 64
address sizes	: 36 bits physical, 48 bits virtual
power management:

processor	: 3
vendor_id	: GenuineIntel
cpu family	: 6
model		: 42
model name	: Intel(R) Xeon(R) CPU E31220 @ 3.10GHz
stepping	: 7
microcode	: 0x2f
cpu MHz		: 3276.897
cache size	: 8192 KB
physical id	: 0
siblings	: 4
core id		: 3
cpu cores	: 4
apicid		: 6
initial apicid	: 6
fpu		: yes
fpu_exception	: yes
cpuid level	: 13
wp		: yes
flags		: fpu vme de pse tsc msr pae mce cx8 apic sep mtrr pge mca cmov pat pse36 clflush dts acpi mmx fxsr sse sse2 ht tm pbe syscall nx rdtscp lm constant_tsc arch_perfmon pebs bts rep_good nopl xtopology nonstop_tsc cpuid aperfmperf pni pclmulqdq dtes64 monitor ds_cpl vmx smx est tm2 ssse3 cx16 xtpr pdcm pcid sse4_1 sse4_2 x2apic popcnt tsc_deadline_timer aes xsave avx lahf_lm epb pti ssbd ibrs ibpb stibp tpr_shadow vnmi flexpriority ept vpid xsaveopt dtherm ida arat pln pts md_clear flush_l1d
bugs		: cpu_meltdown spectre_v1 spectre_v2 spec_store_bypass l1tf mds swapgs itlb_multihit
bogomips	: 6185.59
clflush size	: 64
cache_alignment	: 64
address sizes	: 36 bits physical, 48 bits virtual
power management:



Memory: 4k page, physical 32877628k(7513948k free), swap 15624188k(15281148k free)

vm_info: Java HotSpot(TM) 64-Bit Server VM (25.291-b10) for linux-amd64 JRE (1.8.0_291-b10), built on Apr  7 2021 19:13:06 by "java_re" with gcc 7.3.0

time: Sat Nov  6 15:04:50 2021
timezone: -03
elapsed time: 4.559601 seconds (0d 0h 0m 4s)

