#
# A fatal error has been detected by the Java Runtime Environment:
#
#  SIGSEGV (0xb) at pc=0x00007f37bc0245d4, pid=1359542, tid=0x00007f37bc824700
#
# JRE version: Java(TM) SE Runtime Environment (8.0_291-b10) (build 1.8.0_291-b10)
# Java VM: Java HotSpot(TM) 64-Bit Server VM (25.291-b10 mixed mode linux-amd64 compressed oops)
# Problematic frame:
# C  [libzip.so+0x35d4]  Java_java_util_zip_Inflater_inflateBytes+0x114
#
# Core dump written. Default location: /home/CIN/lmps2/semantic-conflict-study/SMAT/output-test-dest/okhttp/1151c9853ccc3c9c3211c613b9b845b925f8c6a6/randoop-modified_5/core or core.1359542
#
# If you would like to submit a bug report, please visit:
#   http://bugreport.java.com/bugreport/crash.jsp
# The crash happened outside the Java Virtual Machine in native code.
# See problematic frame for where to report the bug.
#

---------------  T H R E A D  ---------------

Current thread (0x00007f37b800d000):  JavaThread "main" [_thread_in_native, id=1359543, stack(0x00007f37bc725000,0x00007f37bc825000)]

siginfo: si_signo: 11 (SIGSEGV), si_code: 1 (SEGV_MAPERR), si_addr: 0x00007f6e545d92d8

Registers:
RAX=0x000000000000000c, RBX=0x00007f37bc822680, RCX=0x00007f6e545d92c0, RDX=0x0000000718fd0a88
RSP=0x00007f37bc822610, RBP=0x00007f37bc822670, RSI=0x0000000000000001, RDI=0x00007f6e545d92c0
R8 =0x000000000000003c, R9 =0x0000000718f5eb40, R10=0x00000000000000b2, R11=0x00007f37bd94f37c
R12=0x00000000000007c4, R13=0x00007f37b8122450, R14=0x00007f37b800d200, R15=0x0000000718f5c400
RIP=0x00007f37bc0245d4, EFLAGS=0x0000000000010206, CSGSFS=0x002b000000000033, ERR=0x0000000000000006
  TRAPNO=0x000000000000000e

Top of Stack: (sp=0x00007f37bc822610)
0x00007f37bc822610:   00007f37bc8227e8 0000000718fd0a88
0x00007f37bc822620:   0000003cbc8226c0 00007f6e545d92c0
0x00007f37bc822630:   0000002a0000000c 00007f37bc822690
0x00007f37bc822640:   00007f37bc822770 0000000718f5eb40
0x00007f37bc822650:   0000000000000000 00007f37bc822788
0x00007f37bc822660:   0000000000000000 00007f37b800d000
0x00007f37bc822670:   00007f37bc8226c0 00007f37a89787c6
0x00007f37bc822680:   0000000718f5eb40 00007f37bc8226f0
0x00007f37bc822690:   0000000718fd0a78 00007f37b800d970
0x00007f37bc8226a0:   00007f3795b31438 00007f37b800d000
0x00007f37bc8226b0:   00007f3795b30928 00007f37b800d000
0x00007f37bc8226c0:   00007f37bc8227e8 00007f37a89875dc
0x00007f37bc8226d0:   00007f37a88005d0 00007f3700000000
0x00007f37bc8226e0:   00007f37bc8227e8 00007f37bc822788
0x00007f37bc8226f0:   00000007c0042278 00000007c0042278
0x00007f37bc822700:   00007f37955ad4c8 00007f37b800d000
0x00007f37bc822710:   00007f37955ad4c8 00007f37b800d000
0x00007f37bc822720:   0000000718f5eb40 0000000718fd0a78
0x00007f37bc822730:   000007c40000003c 0000000718f5f0a8
0x00007f37bc822740:   00007f370000002a 00000000000000b6
0x00007f37bc822750:   0000000000000000 00007f3795b31322
0x00007f37bc822760:   0000000718f5f0a8 00007f37b800d000
0x00007f37bc822770:   00007f37bc8227e8 00007f37a8802d00
0x00007f37bc822780:   00007f37a8802d00 00000000000007c4
0x00007f37bc822790:   000000000000003c 0000000718fd0a78
0x00007f37bc8227a0:   0000000718f5eb40 00007f37bc8227a8
0x00007f37bc8227b0:   00007f3795b31322 00007f37bc822830
0x00007f37bc8227c0:   00007f378e40a238 0000000000000000
0x00007f37bc8227d0:   00007f3795b31438 00007f37bc822788
0x00007f37bc8227e0:   00007f37bc822810 00007f37bc822878
0x00007f37bc8227f0:   00007f37a8802dd0 0000000000000000
0x00007f37bc822800:   0000000718fce700 0000000000000000 

Instructions: (pc=0x00007f37bc0245d4)
0x00007f37bc0245b4:   5d 41 5e 41 5f 5d c3 0f 1f 44 00 00 48 63 45 c0
0x00007f37bc0245c4:   48 8b 4d b8 be 01 00 00 00 48 89 55 a8 48 89 cf
0x00007f37bc0245d4:   44 89 61 18 4c 01 f8 48 89 01 48 63 45 b4 48 01
0x00007f37bc0245e4:   d0 48 89 41 10 8b 45 c4 89 41 08 e8 3c 83 00 00 

Register to memory mapping:

RAX=0x000000000000000c is an unknown value
RBX=0x00007f37bc822680 is pointing into the stack for thread: 0x00007f37b800d000
RCX=0x00007f6e545d92c0 is an unknown value
RDX=0x0000000718fd0a88 is an oop

[error occurred during error reporting (printing register info), id 0xb]

Stack: [0x00007f37bc725000,0x00007f37bc825000],  sp=0x00007f37bc822610,  free space=1013k
Native frames: (J=compiled Java code, j=interpreted, Vv=VM code, C=native code)
C  [libzip.so+0x35d4]  Java_java_util_zip_Inflater_inflateBytes+0x114
J 222  java.util.zip.Inflater.inflateBytes(J[BII)I (0 bytes) @ 0x00007f37a89787c6 [0x00007f37a8978700+0xc6]
J 247 C1 java.util.zip.Inflater.inflate([BII)I (113 bytes) @ 0x00007f37a89875dc [0x00007f37a89872e0+0x2fc]
j  com.squareup.okhttp.internal.bytes.InflaterSource.read(Lcom/squareup/okhttp/internal/bytes/OkBuffer;JLcom/squareup/okhttp/internal/bytes/Deadline;)J+226
j  com.squareup.okhttp.internal.bytes.GzipSource.read(Lcom/squareup/okhttp/internal/bytes/OkBuffer;JLcom/squareup/okhttp/internal/bytes/Deadline;)J+81
v  ~StubRoutines::call_stub
V  [libjvm.so+0x68b16a]  JavaCalls::call_helper(JavaValue*, methodHandle*, JavaCallArguments*, Thread*)+0xe1a
V  [libjvm.so+0x9a1b98]  Reflection::invoke(instanceKlassHandle, methodHandle, Handle, bool, objArrayHandle, BasicType, objArrayHandle, bool, Thread*)+0xae8
V  [libjvm.so+0x9a3566]  Reflection::invoke_method(oopDesc*, Handle, objArrayHandle, Thread*)+0x126
V  [libjvm.so+0x702545]  JVM_InvokeMethod+0x115
J 4857  sun.reflect.NativeMethodAccessorImpl.invoke0(Ljava/lang/reflect/Method;Ljava/lang/Object;[Ljava/lang/Object;)Ljava/lang/Object; (0 bytes) @ 0x00007f37a9914d6d [0x00007f37a9914c80+0xed]
J 4856 C1 sun.reflect.NativeMethodAccessorImpl.invoke(Ljava/lang/Object;[Ljava/lang/Object;)Ljava/lang/Object; (104 bytes) @ 0x00007f37a993ef94 [0x00007f37a993ddc0+0x11d4]
J 3426 C1 sun.reflect.DelegatingMethodAccessorImpl.invoke(Ljava/lang/Object;[Ljava/lang/Object;)Ljava/lang/Object; (10 bytes) @ 0x00007f37a936410c [0x00007f37a9364000+0x10c]
J 4036 C1 java.lang.reflect.Method.invoke(Ljava/lang/Object;[Ljava/lang/Object;)Ljava/lang/Object; (62 bytes) @ 0x00007f37a95eeb1c [0x00007f37a95ee720+0x3fc]
J 4804 C1 randoop.util.MethodReflectionCode.runReflectionCodeRaw()V (314 bytes) @ 0x00007f37a98e01f4 [0x00007f37a98dff00+0x2f4]
J 5157 C2 randoop.util.ReflectionExecutor.executeReflectionCode(Lrandoop/util/ReflectionCode;)Lrandoop/ExecutionOutcome; (154 bytes) @ 0x00007f37a9ad68e8 [0x00007f37a9ad6720+0x1c8]
J 4803 C1 randoop.operation.MethodCall.execute([Ljava/lang/Object;)Lrandoop/ExecutionOutcome; (129 bytes) @ 0x00007f37a98def34 [0x00007f37a98de220+0xd14]
J 4678 C1 randoop.operation.TypedOperation.execute([Ljava/lang/Object;)Lrandoop/ExecutionOutcome; (70 bytes) @ 0x00007f37a985bf6c [0x00007f37a985bdc0+0x1ac]
J 4677 C1 randoop.sequence.ExecutableSequence.executeStatement(Lrandoop/sequence/Sequence;Ljava/util/List;I[Ljava/lang/Object;)V (208 bytes) @ 0x00007f37a9854814 [0x00007f37a9853560+0x12b4]
j  randoop.sequence.ExecutableSequence.execute(Lrandoop/ExecutionVisitor;Lrandoop/test/TestCheckGenerator;Z)V+177
j  randoop.sequence.ExecutableSequence.execute(Lrandoop/ExecutionVisitor;Lrandoop/test/TestCheckGenerator;)V+4
j  randoop.generation.ForwardGenerator.step()Lrandoop/sequence/ExecutableSequence;+225
j  randoop.generation.AbstractGenerator.createAndClassifySequences()V+103
j  randoop.main.GenTests.handle([Ljava/lang/String;)Z+1993
j  randoop.main.Main.nonStaticMain([Ljava/lang/String;)V+179
j  randoop.main.Main.main([Ljava/lang/String;)V+10
v  ~StubRoutines::call_stub
V  [libjvm.so+0x68b16a]  JavaCalls::call_helper(JavaValue*, methodHandle*, JavaCallArguments*, Thread*)+0xe1a
V  [libjvm.so+0x6d7660]  jni_invoke_static(JNIEnv_*, JavaValue*, _jobject*, JNICallType, _jmethodID*, JNI_ArgumentPusher*, Thread*) [clone .isra.98] [clone .constprop.118]+0x1f0
V  [libjvm.so+0x6d995b]  jni_CallStaticVoidMethod+0x15b
C  [libjli.so+0x889c]  JavaMain+0xa3c
C  [libpthread.so.0+0x9609]  start_thread+0xd9

Java frames: (J=compiled Java code, j=interpreted, Vv=VM code)
J 222  java.util.zip.Inflater.inflateBytes(J[BII)I (0 bytes) @ 0x00007f37a897874c [0x00007f37a8978700+0x4c]
J 247 C1 java.util.zip.Inflater.inflate([BII)I (113 bytes) @ 0x00007f37a89875dc [0x00007f37a89872e0+0x2fc]
j  com.squareup.okhttp.internal.bytes.InflaterSource.read(Lcom/squareup/okhttp/internal/bytes/OkBuffer;JLcom/squareup/okhttp/internal/bytes/Deadline;)J+226
j  com.squareup.okhttp.internal.bytes.GzipSource.read(Lcom/squareup/okhttp/internal/bytes/OkBuffer;JLcom/squareup/okhttp/internal/bytes/Deadline;)J+81
v  ~StubRoutines::call_stub
J 4857  sun.reflect.NativeMethodAccessorImpl.invoke0(Ljava/lang/reflect/Method;Ljava/lang/Object;[Ljava/lang/Object;)Ljava/lang/Object; (0 bytes) @ 0x00007f37a9914cf7 [0x00007f37a9914c80+0x77]
J 4856 C1 sun.reflect.NativeMethodAccessorImpl.invoke(Ljava/lang/Object;[Ljava/lang/Object;)Ljava/lang/Object; (104 bytes) @ 0x00007f37a993ef94 [0x00007f37a993ddc0+0x11d4]
J 3426 C1 sun.reflect.DelegatingMethodAccessorImpl.invoke(Ljava/lang/Object;[Ljava/lang/Object;)Ljava/lang/Object; (10 bytes) @ 0x00007f37a936410c [0x00007f37a9364000+0x10c]
J 4036 C1 java.lang.reflect.Method.invoke(Ljava/lang/Object;[Ljava/lang/Object;)Ljava/lang/Object; (62 bytes) @ 0x00007f37a95eeb1c [0x00007f37a95ee720+0x3fc]
J 4804 C1 randoop.util.MethodReflectionCode.runReflectionCodeRaw()V (314 bytes) @ 0x00007f37a98e01f4 [0x00007f37a98dff00+0x2f4]
J 5157 C2 randoop.util.ReflectionExecutor.executeReflectionCode(Lrandoop/util/ReflectionCode;)Lrandoop/ExecutionOutcome; (154 bytes) @ 0x00007f37a9ad68e8 [0x00007f37a9ad6720+0x1c8]
J 4803 C1 randoop.operation.MethodCall.execute([Ljava/lang/Object;)Lrandoop/ExecutionOutcome; (129 bytes) @ 0x00007f37a98def34 [0x00007f37a98de220+0xd14]
J 4678 C1 randoop.operation.TypedOperation.execute([Ljava/lang/Object;)Lrandoop/ExecutionOutcome; (70 bytes) @ 0x00007f37a985bf6c [0x00007f37a985bdc0+0x1ac]
J 4677 C1 randoop.sequence.ExecutableSequence.executeStatement(Lrandoop/sequence/Sequence;Ljava/util/List;I[Ljava/lang/Object;)V (208 bytes) @ 0x00007f37a9854814 [0x00007f37a9853560+0x12b4]
j  randoop.sequence.ExecutableSequence.execute(Lrandoop/ExecutionVisitor;Lrandoop/test/TestCheckGenerator;Z)V+177
j  randoop.sequence.ExecutableSequence.execute(Lrandoop/ExecutionVisitor;Lrandoop/test/TestCheckGenerator;)V+4
j  randoop.generation.ForwardGenerator.step()Lrandoop/sequence/ExecutableSequence;+225
j  randoop.generation.AbstractGenerator.createAndClassifySequences()V+103
j  randoop.main.GenTests.handle([Ljava/lang/String;)Z+1993
j  randoop.main.Main.nonStaticMain([Ljava/lang/String;)V+179
j  randoop.main.Main.main([Ljava/lang/String;)V+10
v  ~StubRoutines::call_stub

---------------  P R O C E S S  ---------------

Java Threads: ( => current thread )
  0x00007f37b85f8800 JavaThread "randoop.util.ProgressDisplay" daemon [_thread_blocked, id=1359557, stack(0x00007f378e872000,0x00007f378e973000)]
  0x00007f37b816e800 JavaThread "Service Thread" daemon [_thread_blocked, id=1359555, stack(0x00007f378f389000,0x00007f378f48a000)]
  0x00007f37b8163000 JavaThread "C1 CompilerThread2" daemon [_thread_blocked, id=1359554, stack(0x00007f378f48b000,0x00007f378f58b000)]
  0x00007f37b8161800 JavaThread "C2 CompilerThread1" daemon [_thread_in_native, id=1359553, stack(0x00007f378f58c000,0x00007f378f68c000)]
  0x00007f37b815e800 JavaThread "C2 CompilerThread0" daemon [_thread_in_native, id=1359552, stack(0x00007f378f68d000,0x00007f378f78d000)]
  0x00007f37b815d000 JavaThread "Signal Dispatcher" daemon [_thread_blocked, id=1359551, stack(0x00007f378f78d000,0x00007f378f88e000)]
  0x00007f37b8129800 JavaThread "Finalizer" daemon [_thread_blocked, id=1359550, stack(0x00007f378fdfe000,0x00007f378feff000)]
  0x00007f37b8125000 JavaThread "Reference Handler" daemon [_thread_blocked, id=1359549, stack(0x00007f378feff000,0x00007f3790000000)]
=>0x00007f37b800d000 JavaThread "main" [_thread_in_native, id=1359543, stack(0x00007f37bc725000,0x00007f37bc825000)]

Other Threads:
  0x00007f37b811b800 VMThread [stack: 0x00007f3794051000,0x00007f3794151000] [id=1359548]
  0x00007f37b8173000 WatcherThread [stack: 0x00007f378f289000,0x00007f378f389000] [id=1359556]

VM state:not at safepoint (normal execution)

VM Mutex/Monitor currently owned by a thread: None

heap address: 0x00000005ca400000, size: 8028 MB, Compressed Oops mode: Zero based, Oop shift amount: 3
Narrow klass base: 0x0000000000000000, Narrow klass shift: 3
Compressed class space size: 1073741824 Address: 0x00000007c0000000

Heap:
 PSYoungGen      total 240640K, used 12464K [0x0000000718c00000, 0x0000000729e00000, 0x00000007c0000000)
  eden space 219648K, 3% used [0x0000000718c00000,0x0000000719464150,0x0000000726280000)
  from space 20992K, 18% used [0x0000000726280000,0x0000000726648010,0x0000000727700000)
  to   space 17408K, 0% used [0x0000000728d00000,0x0000000728d00000,0x0000000729e00000)
 ParOldGen       total 235520K, used 18195K [0x00000005ca400000, 0x00000005d8a00000, 0x0000000718c00000)
  object space 235520K, 7% used [0x00000005ca400000,0x00000005cb5c4c70,0x00000005d8a00000)
 Metaspace       used 23404K, capacity 24290K, committed 24448K, reserved 1071104K
  class space    used 2634K, capacity 2847K, committed 2944K, reserved 1048576K

Card table byte_map: [0x00007f37a748c000,0x00007f37a843b000] byte_map_base: 0x00007f37a463a000

Marking Bits: (ParMarkBitMap*) 0x00007f37bd94e1c0
 Begin Bits: [0x00007f3796b34000, 0x00007f379e8a4000)
 End Bits:   [0x00007f379e8a4000, 0x00007f37a6614000)

Polling page: 0x00007f37bdddc000

CodeCache: size=245760Kb used=18626Kb max_used=21218Kb free=227133Kb
 bounds [0x00007f37a87fb000, 0x00007f37a9ccb000, 0x00007f37b77fb000]
 total_blobs=5403 nmethods=4984 adapters=331
 compilation: enabled

Compilation events (10 events):
Event: 5.372 Thread 0x00007f37b8163000 5708   !   3       sun.reflect.GeneratedConstructorAccessor16::newInstance (49 bytes)
Event: 5.372 Thread 0x00007f37b8163000 nmethod 5708 0x00007f37a8cfeed0 code [0x00007f37a8cff080, 0x00007f37a8cff568]
Event: 5.373 Thread 0x00007f37b8163000 5709   !   3       sun.reflect.GeneratedConstructorAccessor17::newInstance (49 bytes)
Event: 5.373 Thread 0x00007f37b8163000 nmethod 5709 0x00007f37a89de290 code [0x00007f37a89de440, 0x00007f37a89de8c8]
Event: 5.373 Thread 0x00007f37b8163000 5710   !   3       sun.reflect.GeneratedConstructorAccessor18::newInstance (53 bytes)
Event: 5.374 Thread 0x00007f37b8163000 nmethod 5710 0x00007f37a8e2af90 code [0x00007f37a8e2b160, 0x00007f37a8e2b7d8]
Event: 5.374 Thread 0x00007f37b8163000 5711   !   3       sun.reflect.GeneratedConstructorAccessor19::newInstance (53 bytes)
Event: 5.374 Thread 0x00007f37b8163000 nmethod 5711 0x00007f37a8fb0cd0 code [0x00007f37a8fb0ec0, 0x00007f37a8fb1568]
Event: 5.386 Thread 0x00007f37b815e800 nmethod 5695 0x00007f37a8974910 code [0x00007f37a8974b00, 0x00007f37a8975bd8]
Event: 5.387 Thread 0x00007f37b815e800 5712       4       com.thoughtworks.xstream.mapper.ImplicitCollectionMapper::getMapper (85 bytes)

GC Heap History (10 events):
Event: 1.493 GC heap before
{Heap before GC invocations=2 (full 1):
 PSYoungGen      total 150016K, used 18587K [0x0000000718c00000, 0x000000072b100000, 0x00000007c0000000)
  eden space 129024K, 0% used [0x0000000718c00000,0x0000000718c00000,0x0000000720a00000)
  from space 20992K, 88% used [0x0000000720a00000,0x0000000721c26d88,0x0000000721e80000)
  to   space 20992K, 0% used [0x0000000729c80000,0x0000000729c80000,0x000000072b100000)
 ParOldGen       total 343040K, used 24K [0x00000005ca400000, 0x00000005df300000, 0x0000000718c00000)
  object space 343040K, 0% used [0x00000005ca400000,0x00000005ca406000,0x00000005df300000)
 Metaspace       used 20526K, capacity 21196K, committed 21296K, reserved 1069056K
  class space    used 2552K, capacity 2756K, committed 2816K, reserved 1048576K
Event: 1.542 GC heap after
Heap after GC invocations=2 (full 1):
 PSYoungGen      total 150016K, used 0K [0x0000000718c00000, 0x000000072b100000, 0x00000007c0000000)
  eden space 129024K, 0% used [0x0000000718c00000,0x0000000718c00000,0x0000000720a00000)
  from space 20992K, 0% used [0x0000000720a00000,0x0000000720a00000,0x0000000721e80000)
  to   space 20992K, 0% used [0x0000000729c80000,0x0000000729c80000,0x000000072b100000)
 ParOldGen       total 235520K, used 18163K [0x00000005ca400000, 0x00000005d8a00000, 0x0000000718c00000)
  object space 235520K, 7% used [0x00000005ca400000,0x00000005cb5bcc70,0x00000005d8a00000)
 Metaspace       used 20526K, capacity 21196K, committed 21296K, reserved 1069056K
  class space    used 2552K, capacity 2756K, committed 2816K, reserved 1048576K
}
Event: 2.519 GC heap before
{Heap before GC invocations=3 (full 1):
 PSYoungGen      total 150016K, used 129024K [0x0000000718c00000, 0x000000072b100000, 0x00000007c0000000)
  eden space 129024K, 100% used [0x0000000718c00000,0x0000000720a00000,0x0000000720a00000)
  from space 20992K, 0% used [0x0000000720a00000,0x0000000720a00000,0x0000000721e80000)
  to   space 20992K, 0% used [0x0000000729c80000,0x0000000729c80000,0x000000072b100000)
 ParOldGen       total 235520K, used 18163K [0x00000005ca400000, 0x00000005d8a00000, 0x0000000718c00000)
  object space 235520K, 7% used [0x00000005ca400000,0x00000005cb5bcc70,0x00000005d8a00000)
 Metaspace       used 22009K, capacity 22950K, committed 23216K, reserved 1069056K
  class space    used 2622K, capacity 2835K, committed 2944K, reserved 1048576K
Event: 2.523 GC heap after
Heap after GC invocations=3 (full 1):
 PSYoungGen      total 159232K, used 1504K [0x0000000718c00000, 0x0000000729e00000, 0x00000007c0000000)
  eden space 157696K, 0% used [0x0000000718c00000,0x0000000718c00000,0x0000000722600000)
  from space 1536K, 97% used [0x0000000729c80000,0x0000000729df8010,0x0000000729e00000)
  to   space 20992K, 0% used [0x0000000727500000,0x0000000727500000,0x0000000728980000)
 ParOldGen       total 235520K, used 18171K [0x00000005ca400000, 0x00000005d8a00000, 0x0000000718c00000)
  object space 235520K, 7% used [0x00000005ca400000,0x00000005cb5bec70,0x00000005d8a00000)
 Metaspace       used 22009K, capacity 22950K, committed 23216K, reserved 1069056K
  class space    used 2622K, capacity 2835K, committed 2944K, reserved 1048576K
}
Event: 3.497 GC heap before
{Heap before GC invocations=4 (full 1):
 PSYoungGen      total 159232K, used 159200K [0x0000000718c00000, 0x0000000729e00000, 0x00000007c0000000)
  eden space 157696K, 100% used [0x0000000718c00000,0x0000000722600000,0x0000000722600000)
  from space 1536K, 97% used [0x0000000729c80000,0x0000000729df8010,0x0000000729e00000)
  to   space 20992K, 0% used [0x0000000727500000,0x0000000727500000,0x0000000728980000)
 ParOldGen       total 235520K, used 18171K [0x00000005ca400000, 0x00000005d8a00000, 0x0000000718c00000)
  object space 235520K, 7% used [0x00000005ca400000,0x00000005cb5bec70,0x00000005d8a00000)
 Metaspace       used 22758K, capacity 23658K, committed 23936K, reserved 1071104K
  class space    used 2626K, capacity 2839K, committed 2944K, reserved 1048576K
Event: 3.500 GC heap after
Heap after GC invocations=4 (full 1):
 PSYoungGen      total 186880K, used 1504K [0x0000000718c00000, 0x0000000729d00000, 0x00000007c0000000)
  eden space 185344K, 0% used [0x0000000718c00000,0x0000000718c00000,0x0000000724100000)
  from space 1536K, 97% used [0x0000000727500000,0x0000000727678000,0x0000000727680000)
  to   space 20992K, 0% used [0x0000000728880000,0x0000000728880000,0x0000000729d00000)
 ParOldGen       total 235520K, used 18179K [0x00000005ca400000, 0x00000005d8a00000, 0x0000000718c00000)
  object space 235520K, 7% used [0x00000005ca400000,0x00000005cb5c0c70,0x00000005d8a00000)
 Metaspace       used 22758K, capacity 23658K, committed 23936K, reserved 1071104K
  class space    used 2626K, capacity 2839K, committed 2944K, reserved 1048576K
}
Event: 4.444 GC heap before
{Heap before GC invocations=5 (full 1):
 PSYoungGen      total 186880K, used 186848K [0x0000000718c00000, 0x0000000729d00000, 0x00000007c0000000)
  eden space 185344K, 100% used [0x0000000718c00000,0x0000000724100000,0x0000000724100000)
  from space 1536K, 97% used [0x0000000727500000,0x0000000727678000,0x0000000727680000)
  to   space 20992K, 0% used [0x0000000728880000,0x0000000728880000,0x0000000729d00000)
 ParOldGen       total 235520K, used 18179K [0x00000005ca400000, 0x00000005d8a00000, 0x0000000718c00000)
  object space 235520K, 7% used [0x00000005ca400000,0x00000005cb5c0c70,0x00000005d8a00000)
 Metaspace       used 23103K, capacity 24012K, committed 24192K, reserved 1071104K
  class space    used 2629K, capacity 2844K, committed 2944K, reserved 1048576K
Event: 4.447 GC heap after
Heap after GC invocations=5 (full 1):
 PSYoungGen      total 217088K, used 2880K [0x0000000718c00000, 0x0000000728b80000, 0x00000007c0000000)
  eden space 214016K, 0% used [0x0000000718c00000,0x0000000718c00000,0x0000000725d00000)
  from space 3072K, 93% used [0x0000000728880000,0x0000000728b50010,0x0000000728b80000)
  to   space 20992K, 0% used [0x0000000726280000,0x0000000726280000,0x0000000727700000)
 ParOldGen       total 235520K, used 18187K [0x00000005ca400000, 0x00000005d8a00000, 0x0000000718c00000)
  object space 235520K, 7% used [0x00000005ca400000,0x00000005cb5c2c70,0x00000005d8a00000)
 Metaspace       used 23103K, capacity 24012K, committed 24192K, reserved 1071104K
  class space    used 2629K, capacity 2844K, committed 2944K, reserved 1048576K
}
Event: 5.349 GC heap before
{Heap before GC invocations=6 (full 1):
 PSYoungGen      total 217088K, used 216896K [0x0000000718c00000, 0x0000000728b80000, 0x00000007c0000000)
  eden space 214016K, 100% used [0x0000000718c00000,0x0000000725d00000,0x0000000725d00000)
  from space 3072K, 93% used [0x0000000728880000,0x0000000728b50010,0x0000000728b80000)
  to   space 20992K, 0% used [0x0000000726280000,0x0000000726280000,0x0000000727700000)
 ParOldGen       total 235520K, used 18187K [0x00000005ca400000, 0x00000005d8a00000, 0x0000000718c00000)
  object space 235520K, 7% used [0x00000005ca400000,0x00000005cb5c2c70,0x00000005d8a00000)
 Metaspace       used 23382K, capacity 24284K, committed 24448K, reserved 1071104K
  class space    used 2633K, capacity 2846K, committed 2944K, reserved 1048576K
Event: 5.354 GC heap after
Heap after GC invocations=6 (full 1):
 PSYoungGen      total 240640K, used 3872K [0x0000000718c00000, 0x0000000729e00000, 0x00000007c0000000)
  eden space 219648K, 0% used [0x0000000718c00000,0x0000000718c00000,0x0000000726280000)
  from space 20992K, 18% used [0x0000000726280000,0x0000000726648010,0x0000000727700000)
  to   space 17408K, 0% used [0x0000000728d00000,0x0000000728d00000,0x0000000729e00000)
 ParOldGen       total 235520K, used 18195K [0x00000005ca400000, 0x00000005d8a00000, 0x0000000718c00000)
  object space 235520K, 7% used [0x00000005ca400000,0x00000005cb5c4c70,0x00000005d8a00000)
 Metaspace       used 23382K, capacity 24284K, committed 24448K, reserved 1071104K
  class space    used 2633K, capacity 2846K, committed 2944K, reserved 1048576K
}

Deoptimization events (10 events):
Event: 3.511 Thread 0x00007f37b800d000 Uncommon trap: reason=unstable_if action=reinterpret pc=0x00007f37a9411228 method=com.sun.tools.javac.util.IntHashTable.putAtIndex(Ljava/lang/Object;II)I @ 18
Event: 4.418 Thread 0x00007f37b800d000 Uncommon trap: reason=unstable_if action=reinterpret pc=0x00007f37a9aea7e8 method=randoop.com.github.javaparser.GeneratedJavaParserTokenManager.jjStopStringLiteralDfa_0(IJJJ)I @ 322
Event: 4.599 Thread 0x00007f37b800d000 Uncommon trap: reason=class_check action=maybe_recompile pc=0x00007f37a97b6b10 method=randoop.types.ClassOrInterfaceType.isSubtypeOf(Lrandoop/types/Type;)Z @ 129
Event: 4.599 Thread 0x00007f37b800d000 Uncommon trap: reason=class_check action=maybe_recompile pc=0x00007f37a97b6b10 method=randoop.types.ClassOrInterfaceType.isSubtypeOf(Lrandoop/types/Type;)Z @ 129
Event: 4.600 Thread 0x00007f37b800d000 Uncommon trap: reason=class_check action=maybe_recompile pc=0x00007f37a97b6b10 method=randoop.types.ClassOrInterfaceType.isSubtypeOf(Lrandoop/types/Type;)Z @ 129
Event: 4.600 Thread 0x00007f37b800d000 Uncommon trap: reason=class_check action=maybe_recompile pc=0x00007f37a97b6b10 method=randoop.types.ClassOrInterfaceType.isSubtypeOf(Lrandoop/types/Type;)Z @ 129
Event: 5.325 Thread 0x00007f37b800d000 Uncommon trap: reason=unstable_if action=reinterpret pc=0x00007f37a96a7d04 method=java.util.TimSort.sort([Ljava/lang/Object;IILjava/util/Comparator;[Ljava/lang/Object;II)V @ 53
Event: 5.326 Thread 0x00007f37b800d000 Uncommon trap: reason=unstable_if action=reinterpret pc=0x00007f37a96d91e8 method=java.util.TimSort.sort([Ljava/lang/Object;IILjava/util/Comparator;[Ljava/lang/Object;II)V @ 53
Event: 5.327 Thread 0x00007f37b800d000 Uncommon trap: reason=unstable_if action=reinterpret pc=0x00007f37a928d570 method=randoop.com.github.javaparser.utils.PositionUtils.compare(Lrandoop/com/github/javaparser/ast/Node;Lrandoop/com/github/javaparser/ast/Node;Z)I @ 39
Event: 5.327 Thread 0x00007f37b800d000 Uncommon trap: reason=unstable_if action=reinterpret pc=0x00007f37a928fa5c method=randoop.com.github.javaparser.utils.PositionUtils.compare(Lrandoop/com/github/javaparser/ast/Node;Lrandoop/com/github/javaparser/ast/Node;Z)I @ 39

Classes redefined (0 events):
No events

Internal exceptions (10 events):
Event: 1.114 Thread 0x00007f37b800d000 Implicit null exception at 0x00007f37a8a6e06f to 0x00007f37a8a6e0d9
Event: 1.550 Thread 0x00007f37b800d000 Implicit null exception at 0x00007f37a8d1025d to 0x00007f37a8d10739
Event: 2.041 Thread 0x00007f37b800d000 Exception <a 'java/lang/reflect/InvocationTargetException'> (0x000000071cb072c0) thrown at [/scratch/jenkins/workspace/8-2-build-linux-amd64/jdk8u291/1294/hotspot/src/share/vm/runtime/reflection.cpp, line 1092]
Event: 2.052 Thread 0x00007f37b800d000 Exception <a 'java/lang/NoSuchMethodError': java.lang.Object.lambda$getEnd$1(Lrandoop/com/github/javaparser/Range;)Lrandoop/com/github/javaparser/Position;> (0x000000071cb8f080) thrown at [/scratch/jenkins/workspace/8-2-build-linux-amd64/jdk8u291/1294/hot
Event: 2.768 Thread 0x00007f37b800d000 Exception <a 'java/lang/reflect/InvocationTargetException'> (0x000000071b742058) thrown at [/scratch/jenkins/workspace/8-2-build-linux-amd64/jdk8u291/1294/hotspot/src/share/vm/runtime/reflection.cpp, line 1092]
Event: 3.355 Thread 0x00007f37b800d000 Exception <a 'java/lang/reflect/InvocationTargetException'> (0x0000000721497d38) thrown at [/scratch/jenkins/workspace/8-2-build-linux-amd64/jdk8u291/1294/hotspot/src/share/vm/runtime/reflection.cpp, line 1092]
Event: 3.456 Thread 0x00007f37b800d000 Exception <a 'java/lang/reflect/InvocationTargetException'> (0x00000007221a65b8) thrown at [/scratch/jenkins/workspace/8-2-build-linux-amd64/jdk8u291/1294/hotspot/src/share/vm/runtime/reflection.cpp, line 1092]
Event: 3.458 Thread 0x00007f37b800d000 Implicit null exception at 0x00007f37a89fb0b5 to 0x00007f37a89fb455
Event: 4.417 Thread 0x00007f37b800d000 Exception <a 'java/lang/reflect/InvocationTargetException'> (0x0000000723a934b8) thrown at [/scratch/jenkins/workspace/8-2-build-linux-amd64/jdk8u291/1294/hotspot/src/share/vm/runtime/reflection.cpp, line 1092]
Event: 5.322 Thread 0x00007f37b800d000 Exception <a 'java/lang/reflect/InvocationTargetException'> (0x0000000725641768) thrown at [/scratch/jenkins/workspace/8-2-build-linux-amd64/jdk8u291/1294/hotspot/src/share/vm/runtime/reflection.cpp, line 1092]

Events (10 events):
Event: 5.373 Thread 0x00007f37b8163000 flushing nmethod 0x00007f37a92b6a10
Event: 5.373 Thread 0x00007f37b8163000 flushing nmethod 0x00007f37a92e4b10
Event: 5.373 Thread 0x00007f37b8163000 flushing nmethod 0x00007f37a92e9210
Event: 5.374 Thread 0x00007f37b8163000 flushing nmethod 0x00007f37a936c350
Event: 5.374 Thread 0x00007f37b8163000 flushing nmethod 0x00007f37a9410f10
Event: 5.374 Thread 0x00007f37b8163000 flushing nmethod 0x00007f37a9454150
Event: 5.374 Thread 0x00007f37b8163000 flushing nmethod 0x00007f37a9500a50
Event: 5.375 Thread 0x00007f37b8163000 flushing nmethod 0x00007f37a9577a50
Event: 5.384 loading class com/thoughtworks/xstream/mapper/ImplicitCollectionMapper$ImplicitCollectionMapperForClass
Event: 5.384 loading class com/thoughtworks/xstream/mapper/ImplicitCollectionMapper$ImplicitCollectionMapperForClass done


Dynamic libraries:
5ca400000-5d8a00000 rw-p 00000000 00:00 0 
5d8a00000-718c00000 ---p 00000000 00:00 0 
718c00000-729e00000 rw-p 00000000 00:00 0 
729e00000-7c0000000 ---p 00000000 00:00 0 
7c0000000-7c02e0000 rw-p 00000000 00:00 0 
7c02e0000-800000000 ---p 00000000 00:00 0 
55cf1af7b000-55cf1af7c000 r-xp 00000000 08:02 33030217                   /usr/lib/jvm/jdk1.8.0_291/bin/java
55cf1b17b000-55cf1b17c000 r--p 00000000 08:02 33030217                   /usr/lib/jvm/jdk1.8.0_291/bin/java
55cf1b17c000-55cf1b17d000 rw-p 00001000 08:02 33030217                   /usr/lib/jvm/jdk1.8.0_291/bin/java
55cf1bee1000-55cf1bf02000 rw-p 00000000 00:00 0                          [heap]
7f3750000000-7f3750021000 rw-p 00000000 00:00 0 
7f3750021000-7f3754000000 ---p 00000000 00:00 0 
7f3754fff000-7f3758000000 rw-p 00000000 00:00 0 
7f3758000000-7f3758021000 rw-p 00000000 00:00 0 
7f3758021000-7f375c000000 ---p 00000000 00:00 0 
7f375c000000-7f375c021000 rw-p 00000000 00:00 0 
7f375c021000-7f3760000000 ---p 00000000 00:00 0 
7f3760000000-7f3760b32000 rw-p 00000000 00:00 0 
7f3760b32000-7f3764000000 ---p 00000000 00:00 0 
7f3764000000-7f3764c23000 rw-p 00000000 00:00 0 
7f3764c23000-7f3768000000 ---p 00000000 00:00 0 
7f3768000000-7f3768021000 rw-p 00000000 00:00 0 
7f3768021000-7f376c000000 ---p 00000000 00:00 0 
7f376c000000-7f376cc26000 rw-p 00000000 00:00 0 
7f376cc26000-7f3770000000 ---p 00000000 00:00 0 
7f3770000000-7f3770021000 rw-p 00000000 00:00 0 
7f3770021000-7f3774000000 ---p 00000000 00:00 0 
7f3774000000-7f3774021000 rw-p 00000000 00:00 0 
7f3774021000-7f3778000000 ---p 00000000 00:00 0 
7f3778000000-7f3778021000 rw-p 00000000 00:00 0 
7f3778021000-7f377c000000 ---p 00000000 00:00 0 
7f377c000000-7f377c021000 rw-p 00000000 00:00 0 
7f377c021000-7f3780000000 ---p 00000000 00:00 0 
7f3780000000-7f3780021000 rw-p 00000000 00:00 0 
7f3780021000-7f3784000000 ---p 00000000 00:00 0 
7f3786a97000-7f3786b34000 rw-p 00000000 00:00 0 
7f3788000000-7f3788021000 rw-p 00000000 00:00 0 
7f3788021000-7f378c000000 ---p 00000000 00:00 0 
7f378de72000-7f378df72000 rw-p 00000000 00:00 0 
7f378df72000-7f378e072000 ---p 00000000 00:00 0 
7f378e072000-7f378e272000 rw-p 00000000 00:00 0 
7f378e272000-7f378e472000 rw-p 00000000 00:00 0 
7f378e472000-7f378e672000 rw-p 00000000 00:00 0 
7f378e672000-7f378e872000 rw-p 00000000 00:00 0 
7f378e872000-7f378e875000 ---p 00000000 00:00 0 
7f378e875000-7f378eb73000 rw-p 00000000 00:00 0 
7f378eb73000-7f378ed73000 rw-p 00000000 00:00 0 
7f378ed73000-7f378edec000 r--s 010ff000 08:02 33030705                   /usr/lib/jvm/jdk1.8.0_291/lib/tools.jar
7f378edec000-7f378ee02000 r-xp 00000000 08:02 33030277                   /usr/lib/jvm/jdk1.8.0_291/jre/lib/amd64/libnet.so
7f378ee02000-7f378f001000 ---p 00016000 08:02 33030277                   /usr/lib/jvm/jdk1.8.0_291/jre/lib/amd64/libnet.so
7f378f001000-7f378f002000 r--p 00015000 08:02 33030277                   /usr/lib/jvm/jdk1.8.0_291/jre/lib/amd64/libnet.so
7f378f002000-7f378f003000 rw-p 00016000 08:02 33030277                   /usr/lib/jvm/jdk1.8.0_291/jre/lib/amd64/libnet.so
7f378f003000-7f378f014000 r-xp 00000000 08:02 33030292                   /usr/lib/jvm/jdk1.8.0_291/jre/lib/amd64/libnio.so
7f378f014000-7f378f213000 ---p 00011000 08:02 33030292                   /usr/lib/jvm/jdk1.8.0_291/jre/lib/amd64/libnio.so
7f378f213000-7f378f214000 r--p 00010000 08:02 33030292                   /usr/lib/jvm/jdk1.8.0_291/jre/lib/amd64/libnio.so
7f378f214000-7f378f215000 rw-p 00011000 08:02 33030292                   /usr/lib/jvm/jdk1.8.0_291/jre/lib/amd64/libnio.so
7f378f215000-7f378f288000 r--s 0059f000 08:02 46531940                   /home/CIN/lmps2/semantic-conflict-study/SMAT/nimrod/tools/bin/modified-randoop-all-4.2.5.jar
7f378f288000-7f378f289000 ---p 00000000 00:00 0 
7f378f289000-7f378f389000 rw-p 00000000 00:00 0 
7f378f389000-7f378f38c000 ---p 00000000 00:00 0 
7f378f38c000-7f378f48a000 rw-p 00000000 00:00 0 
7f378f48a000-7f378f48b000 ---p 00000000 00:00 0 
7f378f48b000-7f378f48e000 ---p 00000000 00:00 0 
7f378f48e000-7f378f58b000 rw-p 00000000 00:00 0 
7f378f58b000-7f378f58c000 ---p 00000000 00:00 0 
7f378f58c000-7f378f58f000 ---p 00000000 00:00 0 
7f378f58f000-7f378f68c000 rw-p 00000000 00:00 0 
7f378f68c000-7f378f68d000 ---p 00000000 00:00 0 
7f378f68d000-7f378f690000 ---p 00000000 00:00 0 
7f378f690000-7f378f78d000 rw-p 00000000 00:00 0 
7f378f78d000-7f378f790000 ---p 00000000 00:00 0 
7f378f790000-7f378f88e000 rw-p 00000000 00:00 0 
7f378f88e000-7f378fdfe000 r--p 00000000 08:02 25953917                   /usr/lib/locale/locale-archive
7f378fdfe000-7f378fe01000 ---p 00000000 00:00 0 
7f378fe01000-7f378feff000 rw-p 00000000 00:00 0 
7f378feff000-7f378ff02000 ---p 00000000 00:00 0 
7f378ff02000-7f3790000000 rw-p 00000000 00:00 0 
7f3790000000-7f3790021000 rw-p 00000000 00:00 0 
7f3790021000-7f3794000000 ---p 00000000 00:00 0 
7f3794050000-7f3794051000 ---p 00000000 00:00 0 
7f3794051000-7f37950b0000 rw-p 00000000 00:00 0 
7f37950b0000-7f379528d000 r--s 03e1d000 08:02 33030429                   /usr/lib/jvm/jdk1.8.0_291/jre/lib/rt.jar
7f379528d000-7f37a6614000 rw-p 00000000 00:00 0 
7f37a6614000-7f37a6615000 ---p 00000000 00:00 0 
7f37a6615000-7f37a6715000 rw-p 00000000 00:00 0 
7f37a6715000-7f37a6716000 ---p 00000000 00:00 0 
7f37a6716000-7f37a6816000 rw-p 00000000 00:00 0 
7f37a6816000-7f37a6817000 ---p 00000000 00:00 0 
7f37a6817000-7f37a6917000 rw-p 00000000 00:00 0 
7f37a6917000-7f37a6918000 ---p 00000000 00:00 0 
7f37a6918000-7f37a6a8b000 rw-p 00000000 00:00 0 
7f37a6a8b000-7f37a748c000 ---p 00000000 00:00 0 
7f37a748c000-7f37a74ff000 rw-p 00000000 00:00 0 
7f37a74ff000-7f37a7f00000 ---p 00000000 00:00 0 
7f37a7f00000-7f37a7f89000 rw-p 00000000 00:00 0 
7f37a7f89000-7f37a843a000 ---p 00000000 00:00 0 
7f37a843a000-7f37a848f000 rw-p 00000000 00:00 0 
7f37a848f000-7f37a87fb000 ---p 00000000 00:00 0 
7f37a87fb000-7f37a9ccb000 rwxp 00000000 00:00 0 
7f37a9ccb000-7f37b77fb000 ---p 00000000 00:00 0 
7f37b77fb000-7f37b8000000 r--s 00000000 08:02 32771321                   /var/lib/sss/mc/passwd
7f37b8000000-7f37b991b000 rw-p 00000000 00:00 0 
7f37b991b000-7f37bc000000 ---p 00000000 00:00 0 
7f37bc00a000-7f37bc021000 r--s 00111000 08:02 46934735                   /home/CIN/lmps2/semantic-conflict-study/mergedataset/okhttp/1151c9853ccc3c9c3211c613b9b845b925f8c6a6/serialized/left/4c8ce7cad.jar
7f37bc021000-7f37bc03c000 r-xp 00000000 08:02 33030276                   /usr/lib/jvm/jdk1.8.0_291/jre/lib/amd64/libzip.so
7f37bc03c000-7f37bc23b000 ---p 0001b000 08:02 33030276                   /usr/lib/jvm/jdk1.8.0_291/jre/lib/amd64/libzip.so
7f37bc23b000-7f37bc23c000 r--p 0001a000 08:02 33030276                   /usr/lib/jvm/jdk1.8.0_291/jre/lib/amd64/libzip.so
7f37bc23c000-7f37bc23d000 rw-p 0001b000 08:02 33030276                   /usr/lib/jvm/jdk1.8.0_291/jre/lib/amd64/libzip.so
7f37bc23d000-7f37bc23f000 r--p 00000000 08:02 23335222                   /lib/x86_64-linux-gnu/libnss_sss.so.2
7f37bc23f000-7f37bc245000 r-xp 00002000 08:02 23335222                   /lib/x86_64-linux-gnu/libnss_sss.so.2
7f37bc245000-7f37bc247000 r--p 00008000 08:02 23335222                   /lib/x86_64-linux-gnu/libnss_sss.so.2
7f37bc247000-7f37bc248000 r--p 00009000 08:02 23335222                   /lib/x86_64-linux-gnu/libnss_sss.so.2
7f37bc248000-7f37bc249000 rw-p 0000a000 08:02 23335222                   /lib/x86_64-linux-gnu/libnss_sss.so.2
7f37bc249000-7f37bc24f000 r--p 00000000 08:02 23330822                   /lib/x86_64-linux-gnu/libnss_systemd.so.2
7f37bc24f000-7f37bc275000 r-xp 00006000 08:02 23330822                   /lib/x86_64-linux-gnu/libnss_systemd.so.2
7f37bc275000-7f37bc281000 r--p 0002c000 08:02 23330822                   /lib/x86_64-linux-gnu/libnss_systemd.so.2
7f37bc281000-7f37bc284000 r--p 00037000 08:02 23330822                   /lib/x86_64-linux-gnu/libnss_systemd.so.2
7f37bc284000-7f37bc285000 rw-p 0003a000 08:02 23330822                   /lib/x86_64-linux-gnu/libnss_systemd.so.2
7f37bc285000-7f37bc288000 r--p 00000000 08:02 23331260                   /lib/x86_64-linux-gnu/libnss_files-2.31.so
7f37bc288000-7f37bc28f000 r-xp 00003000 08:02 23331260                   /lib/x86_64-linux-gnu/libnss_files-2.31.so
7f37bc28f000-7f37bc291000 r--p 0000a000 08:02 23331260                   /lib/x86_64-linux-gnu/libnss_files-2.31.so
7f37bc291000-7f37bc292000 r--p 0000b000 08:02 23331260                   /lib/x86_64-linux-gnu/libnss_files-2.31.so
7f37bc292000-7f37bc293000 rw-p 0000c000 08:02 23331260                   /lib/x86_64-linux-gnu/libnss_files-2.31.so
7f37bc293000-7f37bc299000 rw-p 00000000 00:00 0 
7f37bc299000-7f37bc29e000 r--p 00000000 08:02 23331256                   /lib/x86_64-linux-gnu/libnsl-2.31.so
7f37bc29e000-7f37bc2ae000 r-xp 00005000 08:02 23331256                   /lib/x86_64-linux-gnu/libnsl-2.31.so
7f37bc2ae000-7f37bc2b2000 r--p 00015000 08:02 23331256                   /lib/x86_64-linux-gnu/libnsl-2.31.so
7f37bc2b2000-7f37bc2b3000 r--p 00018000 08:02 23331256                   /lib/x86_64-linux-gnu/libnsl-2.31.so
7f37bc2b3000-7f37bc2b4000 rw-p 00019000 08:02 23331256                   /lib/x86_64-linux-gnu/libnsl-2.31.so
7f37bc2b4000-7f37bc2b6000 rw-p 00000000 00:00 0 
7f37bc2b6000-7f37bc2b9000 r--p 00000000 08:02 23331284                   /lib/x86_64-linux-gnu/libnss_nis-2.31.so
7f37bc2b9000-7f37bc2c1000 r-xp 00003000 08:02 23331284                   /lib/x86_64-linux-gnu/libnss_nis-2.31.so
7f37bc2c1000-7f37bc2c3000 r--p 0000b000 08:02 23331284                   /lib/x86_64-linux-gnu/libnss_nis-2.31.so
7f37bc2c3000-7f37bc2c4000 r--p 0000c000 08:02 23331284                   /lib/x86_64-linux-gnu/libnss_nis-2.31.so
7f37bc2c4000-7f37bc2c5000 rw-p 0000d000 08:02 23331284                   /lib/x86_64-linux-gnu/libnss_nis-2.31.so
7f37bc2c5000-7f37bc2c7000 r--p 00000000 08:02 23331258                   /lib/x86_64-linux-gnu/libnss_compat-2.31.so
7f37bc2c7000-7f37bc2ce000 r-xp 00002000 08:02 23331258                   /lib/x86_64-linux-gnu/libnss_compat-2.31.so
7f37bc2ce000-7f37bc2cf000 r--p 00009000 08:02 23331258                   /lib/x86_64-linux-gnu/libnss_compat-2.31.so
7f37bc2cf000-7f37bc2d0000 r--p 00009000 08:02 23331258                   /lib/x86_64-linux-gnu/libnss_compat-2.31.so
7f37bc2d0000-7f37bc2d1000 rw-p 0000a000 08:02 23331258                   /lib/x86_64-linux-gnu/libnss_compat-2.31.so
7f37bc2d9000-7f37bc2db000 r--s 00010000 08:02 33030411                   /usr/lib/jvm/jdk1.8.0_291/jre/lib/ext/zipfs.jar
7f37bc2db000-7f37bc307000 r-xp 00000000 08:02 33030273                   /usr/lib/jvm/jdk1.8.0_291/jre/lib/amd64/libjava.so
7f37bc307000-7f37bc507000 ---p 0002c000 08:02 33030273                   /usr/lib/jvm/jdk1.8.0_291/jre/lib/amd64/libjava.so
7f37bc507000-7f37bc508000 r--p 0002c000 08:02 33030273                   /usr/lib/jvm/jdk1.8.0_291/jre/lib/amd64/libjava.so
7f37bc508000-7f37bc50a000 rw-p 0002d000 08:02 33030273                   /usr/lib/jvm/jdk1.8.0_291/jre/lib/amd64/libjava.so
7f37bc50a000-7f37bc517000 r-xp 00000000 08:02 33030262                   /usr/lib/jvm/jdk1.8.0_291/jre/lib/amd64/libverify.so
7f37bc517000-7f37bc716000 ---p 0000d000 08:02 33030262                   /usr/lib/jvm/jdk1.8.0_291/jre/lib/amd64/libverify.so
7f37bc716000-7f37bc718000 r--p 0000c000 08:02 33030262                   /usr/lib/jvm/jdk1.8.0_291/jre/lib/amd64/libverify.so
7f37bc718000-7f37bc719000 rw-p 0000e000 08:02 33030262                   /usr/lib/jvm/jdk1.8.0_291/jre/lib/amd64/libverify.so
7f37bc719000-7f37bc71c000 r--p 00000000 08:02 23331306                   /lib/x86_64-linux-gnu/librt-2.31.so
7f37bc71c000-7f37bc720000 r-xp 00003000 08:02 23331306                   /lib/x86_64-linux-gnu/librt-2.31.so
7f37bc720000-7f37bc721000 r--p 00007000 08:02 23331306                   /lib/x86_64-linux-gnu/librt-2.31.so
7f37bc721000-7f37bc722000 ---p 00008000 08:02 23331306                   /lib/x86_64-linux-gnu/librt-2.31.so
7f37bc722000-7f37bc723000 r--p 00008000 08:02 23331306                   /lib/x86_64-linux-gnu/librt-2.31.so
7f37bc723000-7f37bc724000 rw-p 00009000 08:02 23331306                   /lib/x86_64-linux-gnu/librt-2.31.so
7f37bc724000-7f37bc725000 ---p 00000000 00:00 0 
7f37bc725000-7f37bc728000 ---p 00000000 00:00 0 
7f37bc728000-7f37bc825000 rw-p 00000000 00:00 0 
7f37bc825000-7f37bc834000 r--p 00000000 08:02 23331237                   /lib/x86_64-linux-gnu/libm-2.31.so
7f37bc834000-7f37bc8db000 r-xp 0000f000 08:02 23331237                   /lib/x86_64-linux-gnu/libm-2.31.so
7f37bc8db000-7f37bc972000 r--p 000b6000 08:02 23331237                   /lib/x86_64-linux-gnu/libm-2.31.so
7f37bc972000-7f37bc973000 r--p 0014c000 08:02 23331237                   /lib/x86_64-linux-gnu/libm-2.31.so
7f37bc973000-7f37bc974000 rw-p 0014d000 08:02 23331237                   /lib/x86_64-linux-gnu/libm-2.31.so
7f37bc974000-7f37bd669000 r-xp 00000000 08:02 33030255                   /usr/lib/jvm/jdk1.8.0_291/jre/lib/amd64/server/libjvm.so
7f37bd669000-7f37bd869000 ---p 00cf5000 08:02 33030255                   /usr/lib/jvm/jdk1.8.0_291/jre/lib/amd64/server/libjvm.so
7f37bd869000-7f37bd8ff000 r--p 00cf5000 08:02 33030255                   /usr/lib/jvm/jdk1.8.0_291/jre/lib/amd64/server/libjvm.so
7f37bd8ff000-7f37bd930000 rw-p 00d8b000 08:02 33030255                   /usr/lib/jvm/jdk1.8.0_291/jre/lib/amd64/server/libjvm.so
7f37bd930000-7f37bd96d000 rw-p 00000000 00:00 0 
7f37bd96d000-7f37bd992000 r--p 00000000 08:02 23331219                   /lib/x86_64-linux-gnu/libc-2.31.so
7f37bd992000-7f37bdb0a000 r-xp 00025000 08:02 23331219                   /lib/x86_64-linux-gnu/libc-2.31.so
7f37bdb0a000-7f37bdb54000 r--p 0019d000 08:02 23331219                   /lib/x86_64-linux-gnu/libc-2.31.so
7f37bdb54000-7f37bdb55000 ---p 001e7000 08:02 23331219                   /lib/x86_64-linux-gnu/libc-2.31.so
7f37bdb55000-7f37bdb58000 r--p 001e7000 08:02 23331219                   /lib/x86_64-linux-gnu/libc-2.31.so
7f37bdb58000-7f37bdb5b000 rw-p 001ea000 08:02 23331219                   /lib/x86_64-linux-gnu/libc-2.31.so
7f37bdb5b000-7f37bdb5f000 rw-p 00000000 00:00 0 
7f37bdb5f000-7f37bdb60000 r--p 00000000 08:02 23331235                   /lib/x86_64-linux-gnu/libdl-2.31.so
7f37bdb60000-7f37bdb62000 r-xp 00001000 08:02 23331235                   /lib/x86_64-linux-gnu/libdl-2.31.so
7f37bdb62000-7f37bdb63000 r--p 00003000 08:02 23331235                   /lib/x86_64-linux-gnu/libdl-2.31.so
7f37bdb63000-7f37bdb64000 r--p 00003000 08:02 23331235                   /lib/x86_64-linux-gnu/libdl-2.31.so
7f37bdb64000-7f37bdb65000 rw-p 00004000 08:02 23331235                   /lib/x86_64-linux-gnu/libdl-2.31.so
7f37bdb65000-7f37bdb7c000 r-xp 00000000 08:02 33030697                   /usr/lib/jvm/jdk1.8.0_291/lib/amd64/jli/libjli.so
7f37bdb7c000-7f37bdd7b000 ---p 00017000 08:02 33030697                   /usr/lib/jvm/jdk1.8.0_291/lib/amd64/jli/libjli.so
7f37bdd7b000-7f37bdd7c000 r--p 00016000 08:02 33030697                   /usr/lib/jvm/jdk1.8.0_291/lib/amd64/jli/libjli.so
7f37bdd7c000-7f37bdd7d000 rw-p 00017000 08:02 33030697                   /usr/lib/jvm/jdk1.8.0_291/lib/amd64/jli/libjli.so
7f37bdd7d000-7f37bdd84000 r--p 00000000 08:02 23331295                   /lib/x86_64-linux-gnu/libpthread-2.31.so
7f37bdd84000-7f37bdd95000 r-xp 00007000 08:02 23331295                   /lib/x86_64-linux-gnu/libpthread-2.31.so
7f37bdd95000-7f37bdd9a000 r--p 00018000 08:02 23331295                   /lib/x86_64-linux-gnu/libpthread-2.31.so
7f37bdd9a000-7f37bdd9b000 r--p 0001c000 08:02 23331295                   /lib/x86_64-linux-gnu/libpthread-2.31.so
7f37bdd9b000-7f37bdd9c000 rw-p 0001d000 08:02 23331295                   /lib/x86_64-linux-gnu/libpthread-2.31.so
7f37bdd9c000-7f37bdda2000 rw-p 00000000 00:00 0 
7f37bdda3000-7f37bddab000 rw-s 00000000 08:02 52349825                   /tmp/hsperfdata_lmps2/1359542
7f37bddab000-7f37bddac000 rw-p 00000000 00:00 0 
7f37bddac000-7f37bddaf000 r--p 00000000 00:00 0                          [vvar]
7f37bddaf000-7f37bddb0000 r-xp 00000000 00:00 0                          [vdso]
7f37bddb0000-7f37bddb1000 r--p 00000000 08:02 23331055                   /lib/x86_64-linux-gnu/ld-2.31.so
7f37bddb1000-7f37bddd4000 r-xp 00001000 08:02 23331055                   /lib/x86_64-linux-gnu/ld-2.31.so
7f37bddd4000-7f37bdddc000 r--p 00024000 08:02 23331055                   /lib/x86_64-linux-gnu/ld-2.31.so
7f37bdddc000-7f37bdddd000 r--p 00000000 00:00 0 
7f37bdddd000-7f37bddde000 r--p 0002c000 08:02 23331055                   /lib/x86_64-linux-gnu/ld-2.31.so
7f37bddde000-7f37bdddf000 rw-p 0002d000 08:02 23331055                   /lib/x86_64-linux-gnu/ld-2.31.so
7f37bdddf000-7f37bdde0000 rw-p 00000000 00:00 0 
7ffe4086a000-7ffe4088c000 rw-p 00000000 00:00 0                          [stack]
ffffffffff600000-ffffffffff601000 --xp 00000000 00:00 0                  [vsyscall]

VM Arguments:
java_command: randoop.main.Main gentests --randomseed=10 --time-limit=300 --junit-output-dir=/home/CIN/lmps2/semantic-conflict-study/SMAT/output-test-dest/okhttp/1151c9853ccc3c9c3211c613b9b845b925f8c6a6/randoop-modified_5 --methodlist=/home/CIN/lmps2/semantic-conflict-study/SMAT/output-test-dest/okhttp/1151c9853ccc3c9c3211c613b9b845b925f8c6a6/randoop-modified_5/methods_to_test.txt --classlist=/home/CIN/lmps2/semantic-conflict-study/SMAT/output-test-dest/okhttp/1151c9853ccc3c9c3211c613b9b845b925f8c6a6/randoop-modified_5/classes_to_test.txt
java_class_path (initial): /home/CIN/lmps2/semantic-conflict-study/mergedataset/okhttp/1151c9853ccc3c9c3211c613b9b845b925f8c6a6/serialized/left/4c8ce7cad.jar::/home/CIN/lmps2/semantic-conflict-study/SMAT/nimrod/tools/bin/modified-randoop-all-4.2.5.jar
Launcher Type: SUN_STANDARD

Environment Variables:
JAVA_HOME=/usr/lib/jvm/jdk1.8.0_291
PATH=/home/CIN/lmps2/.rbenv/plugins/ruby-build/bin:/home/CIN/lmps2/.rbenv/shims:/home/CIN/lmps2/.rbenv/bin:/home/CIN/lmps2/.rbenv/shims:/home/CIN/lmps2/.rbenv/bin:/home/CIN/lmps2/.rbenv/shims:/home/CIN/lmps2/.rbenv/bin:/usr/lib/jvm/jdk-16.0.1:/home/CIN/lmps2/.rbenv/plugins/ruby-build/bin:/home/CIN/lmps2/.rbenv/shims:/home/CIN/lmps2/.rbenv/bin:/home/CIN/lmps2/.rbenv/shims:/home/CIN/lmps2/.rbenv/bin:/home/CIN/lmps2/.rbenv/shims:/home/CIN/lmps2/.rbenv/bin:/usr/lib/jvm/jdk-16.0.1:/usr/local/sbin:/usr/local/bin:/usr/sbin:/usr/bin:/sbin:/bin:/usr/games:/usr/local/games:/snap/bin:/home/CIN/lmps2/.rvm/bin:/home/CIN/lmps2/.rvm/bin:/home/CIN/lmps2/.rvm/bin:/usr/lib/jvm/jdk1.8.0_291/bin
SHELL=/bin/bash

Signal Handlers:
SIGSEGV: [libjvm.so+0xadec90], sa_mask[0]=11111111011111111101111111111110, sa_flags=SA_RESTART|SA_SIGINFO
SIGBUS: [libjvm.so+0xadec90], sa_mask[0]=11111111011111111101111111111110, sa_flags=SA_RESTART|SA_SIGINFO
SIGFPE: [libjvm.so+0x913090], sa_mask[0]=11111111011111111101111111111110, sa_flags=SA_RESTART|SA_SIGINFO
SIGPIPE: [libjvm.so+0x913090], sa_mask[0]=11111111011111111101111111111110, sa_flags=SA_RESTART|SA_SIGINFO
SIGXFSZ: [libjvm.so+0x913090], sa_mask[0]=11111111011111111101111111111110, sa_flags=SA_RESTART|SA_SIGINFO
SIGILL: [libjvm.so+0x913090], sa_mask[0]=11111111011111111101111111111110, sa_flags=SA_RESTART|SA_SIGINFO
SIGUSR1: SIG_DFL, sa_mask[0]=00000000000000000000000000000000, sa_flags=none
SIGUSR2: [libjvm.so+0x912f60], sa_mask[0]=00000000000000000000000000000000, sa_flags=SA_RESTART|SA_SIGINFO
SIGHUP: [libjvm.so+0x913580], sa_mask[0]=11111111011111111101111111111110, sa_flags=SA_RESTART|SA_SIGINFO
SIGINT: [libjvm.so+0x913580], sa_mask[0]=11111111011111111101111111111110, sa_flags=SA_RESTART|SA_SIGINFO
SIGTERM: [libjvm.so+0x913580], sa_mask[0]=11111111011111111101111111111110, sa_flags=SA_RESTART|SA_SIGINFO
SIGQUIT: [libjvm.so+0x913580], sa_mask[0]=11111111011111111101111111111110, sa_flags=SA_RESTART|SA_SIGINFO


---------------  S Y S T E M  ---------------

OS:DISTRIB_ID=Ubuntu
DISTRIB_RELEASE=20.04
DISTRIB_CODENAME=focal
DISTRIB_DESCRIPTION="Ubuntu 20.04.2 LTS"

uname:Linux 5.4.0-74-generic #83-Ubuntu SMP Sat May 8 02:35:39 UTC 2021 x86_64
libc:glibc 2.31 NPTL 2.31 
rlimit: STACK 8192k, CORE infinity, NPROC 128079, NOFILE 1048576, AS infinity
load average:14.58 11.11 5.49

/proc/meminfo:
MemTotal:       32877628 kB
MemFree:         7031500 kB
MemAvailable:   30054016 kB
Buffers:        10016292 kB
Cached:          7113916 kB
SwapCached:         3744 kB
Active:         15987016 kB
Inactive:        3214192 kB
Active(anon):    1898556 kB
Inactive(anon):   182420 kB
Active(file):   14088460 kB
Inactive(file):  3031772 kB
Unevictable:       18528 kB
Mlocked:           18528 kB
SwapTotal:      15624188 kB
SwapFree:       15281148 kB
Dirty:                44 kB
Writeback:             0 kB
AnonPages:       2056960 kB
Mapped:           123132 kB
Shmem:              1792 kB
KReclaimable:    6367948 kB
Slab:            6528804 kB
SReclaimable:    6367948 kB
SUnreclaim:       160856 kB
KernelStack:        4832 kB
PageTables:        12948 kB
NFS_Unstable:          0 kB
Bounce:                0 kB
WritebackTmp:          0 kB
CommitLimit:    32063000 kB
Committed_AS:    6081756 kB
VmallocTotal:   34359738367 kB
VmallocUsed:       21720 kB
VmallocChunk:          0 kB
Percpu:             8832 kB
HardwareCorrupted:     0 kB
AnonHugePages:         0 kB
ShmemHugePages:        0 kB
ShmemPmdMapped:        0 kB
FileHugePages:         0 kB
FilePmdMapped:         0 kB
CmaTotal:              0 kB
CmaFree:               0 kB
HugePages_Total:       0
HugePages_Free:        0
HugePages_Rsvd:        0
HugePages_Surp:        0
Hugepagesize:       2048 kB
Hugetlb:               0 kB
DirectMap4k:     8446208 kB
DirectMap2M:    25098240 kB

container (cgroup) information:
container_type: cgroupv1
cpu_cpuset_cpus: 0-3
cpu_memory_nodes: 0
active_processor_count: 4
cpu_quota: -1
cpu_period: 100000
cpu_shares: -1
memory_limit_in_bytes: -1
memory_and_swap_limit_in_bytes: -2
memory_soft_limit_in_bytes: -1
memory_usage_in_bytes: 12104843264
memory_max_usage_in_bytes: 23580196864


CPU:total 4 (initial active 4) (4 cores per cpu, 1 threads per core) family 6 model 42 stepping 7, cmov, cx8, fxsr, mmx, sse, sse2, sse3, ssse3, sse4.1, sse4.2, popcnt, avx, aes, clmul, tsc, tscinvbit

/proc/cpuinfo:
processor	: 0
vendor_id	: GenuineIntel
cpu family	: 6
model		: 42
model name	: Intel(R) Xeon(R) CPU E31220 @ 3.10GHz
stepping	: 7
microcode	: 0x2f
cpu MHz		: 3192.666
cache size	: 8192 KB
physical id	: 0
siblings	: 4
core id		: 0
cpu cores	: 4
apicid		: 0
initial apicid	: 0
fpu		: yes
fpu_exception	: yes
cpuid level	: 13
wp		: yes
flags		: fpu vme de pse tsc msr pae mce cx8 apic sep mtrr pge mca cmov pat pse36 clflush dts acpi mmx fxsr sse sse2 ht tm pbe syscall nx rdtscp lm constant_tsc arch_perfmon pebs bts rep_good nopl xtopology nonstop_tsc cpuid aperfmperf pni pclmulqdq dtes64 monitor ds_cpl vmx smx est tm2 ssse3 cx16 xtpr pdcm pcid sse4_1 sse4_2 x2apic popcnt tsc_deadline_timer aes xsave avx lahf_lm epb pti ssbd ibrs ibpb stibp tpr_shadow vnmi flexpriority ept vpid xsaveopt dtherm ida arat pln pts md_clear flush_l1d
bugs		: cpu_meltdown spectre_v1 spectre_v2 spec_store_bypass l1tf mds swapgs itlb_multihit
bogomips	: 6185.59
clflush size	: 64
cache_alignment	: 64
address sizes	: 36 bits physical, 48 bits virtual
power management:

processor	: 1
vendor_id	: GenuineIntel
cpu family	: 6
model		: 42
model name	: Intel(R) Xeon(R) CPU E31220 @ 3.10GHz
stepping	: 7
microcode	: 0x2f
cpu MHz		: 3256.401
cache size	: 8192 KB
physical id	: 0
siblings	: 4
core id		: 1
cpu cores	: 4
apicid		: 2
initial apicid	: 2
fpu		: yes
fpu_exception	: yes
cpuid level	: 13
wp		: yes
flags		: fpu vme de pse tsc msr pae mce cx8 apic sep mtrr pge mca cmov pat pse36 clflush dts acpi mmx fxsr sse sse2 ht tm pbe syscall nx rdtscp lm constant_tsc arch_perfmon pebs bts rep_good nopl xtopology nonstop_tsc cpuid aperfmperf pni pclmulqdq dtes64 monitor ds_cpl vmx smx est tm2 ssse3 cx16 xtpr pdcm pcid sse4_1 sse4_2 x2apic popcnt tsc_deadline_timer aes xsave avx lahf_lm epb pti ssbd ibrs ibpb stibp tpr_shadow vnmi flexpriority ept vpid xsaveopt dtherm ida arat pln pts md_clear flush_l1d
bugs		: cpu_meltdown spectre_v1 spectre_v2 spec_store_bypass l1tf mds swapgs itlb_multihit
bogomips	: 6185.59
clflush size	: 64
cache_alignment	: 64
address sizes	: 36 bits physical, 48 bits virtual
power management:

processor	: 2
vendor_id	: GenuineIntel
cpu family	: 6
model		: 42
model name	: Intel(R) Xeon(R) CPU E31220 @ 3.10GHz
stepping	: 7
microcode	: 0x2f
cpu MHz		: 3256.088
cache size	: 8192 KB
physical id	: 0
siblings	: 4
core id		: 2
cpu cores	: 4
apicid		: 4
initial apicid	: 4
fpu		: yes
fpu_exception	: yes
cpuid level	: 13
wp		: yes
flags		: fpu vme de pse tsc msr pae mce cx8 apic sep mtrr pge mca cmov pat pse36 clflush dts acpi mmx fxsr sse sse2 ht tm pbe syscall nx rdtscp lm constant_tsc arch_perfmon pebs bts rep_good nopl xtopology nonstop_tsc cpuid aperfmperf pni pclmulqdq dtes64 monitor ds_cpl vmx smx est tm2 ssse3 cx16 xtpr pdcm pcid sse4_1 sse4_2 x2apic popcnt tsc_deadline_timer aes xsave avx lahf_lm epb pti ssbd ibrs ibpb stibp tpr_shadow vnmi flexpriority ept vpid xsaveopt dtherm ida arat pln pts md_clear flush_l1d
bugs		: cpu_meltdown spectre_v1 spectre_v2 spec_store_bypass l1tf mds swapgs itlb_multihit
bogomips	: 6185.59
clflush size	: 64
cache_alignment	: 64
address sizes	: 36 bits physical, 48 bits virtual
power management:

processor	: 3
vendor_id	: GenuineIntel
cpu family	: 6
model		: 42
model name	: Intel(R) Xeon(R) CPU E31220 @ 3.10GHz
stepping	: 7
microcode	: 0x2f
cpu MHz		: 3255.726
cache size	: 8192 KB
physical id	: 0
siblings	: 4
core id		: 3
cpu cores	: 4
apicid		: 6
initial apicid	: 6
fpu		: yes
fpu_exception	: yes
cpuid level	: 13
wp		: yes
flags		: fpu vme de pse tsc msr pae mce cx8 apic sep mtrr pge mca cmov pat pse36 clflush dts acpi mmx fxsr sse sse2 ht tm pbe syscall nx rdtscp lm constant_tsc arch_perfmon pebs bts rep_good nopl xtopology nonstop_tsc cpuid aperfmperf pni pclmulqdq dtes64 monitor ds_cpl vmx smx est tm2 ssse3 cx16 xtpr pdcm pcid sse4_1 sse4_2 x2apic popcnt tsc_deadline_timer aes xsave avx lahf_lm epb pti ssbd ibrs ibpb stibp tpr_shadow vnmi flexpriority ept vpid xsaveopt dtherm ida arat pln pts md_clear flush_l1d
bugs		: cpu_meltdown spectre_v1 spectre_v2 spec_store_bypass l1tf mds swapgs itlb_multihit
bogomips	: 6185.59
clflush size	: 64
cache_alignment	: 64
address sizes	: 36 bits physical, 48 bits virtual
power management:



Memory: 4k page, physical 32877628k(7120900k free), swap 15624188k(15281148k free)

vm_info: Java HotSpot(TM) 64-Bit Server VM (25.291-b10) for linux-amd64 JRE (1.8.0_291-b10), built on Apr  7 2021 19:13:06 by "java_re" with gcc 7.3.0

time: Sat Nov  6 15:06:33 2021
timezone: -03
elapsed time: 5.412708 seconds (0d 0h 0m 5s)

